0 verbose cli /root/.hermes/node/bin/node /root/.hermes/node/bin/npm
1 info using npm@10.9.8
2 info using node@v22.23.1
3 silly config load:file:/root/.hermes/node/lib/node_modules/npm/npmrc
4 silly config load:file:/usr/local/lib/hermes-agent/scripts/whatsapp-bridge/.npmrc
5 silly config load:file:/root/.npmrc
6 silly config load:file:/root/.hermes/node/etc/npmrc
7 verbose title npm install
8 verbose argv "install" "--no-fund" "--no-audit" "--progress" "false"
9 verbose logfile logs-max:10 dir:/root/.npm/_logs/2026-07-09T01_02_33_085Z-
10 verbose logfile /root/.npm/_logs/2026-07-09T01_02_33_085Z-debug-0.log
11 silly logfile done cleaning log files
12 silly packumentCache heap:2050490368 maxSize:512622592 maxEntrySize:256311296
13 silly idealTree buildDeps
14 silly reify moves {}
15 warn skipping integrity check for git dependency ssh://git@github.com/WhiskeySockets/Baileys.git
16 verbose reify failed optional dependency /usr/local/lib/hermes-agent/scripts/whatsapp-bridge/node_modules/@img/sharp-win32-x64
17 silly reify mark deleted [
17 silly reify   '/usr/local/lib/hermes-agent/scripts/whatsapp-bridge/node_modules/@img/sharp-win32-x64'
17 silly reify ]
18 verbose reify failed optional dependency /usr/local/lib/hermes-agent/scripts/whatsapp-bridge/node_modules/@img/sharp-win32-ia32
19 silly reify mark deleted [
19 silly reify   '/usr/local/lib/hermes-agent/scripts/whatsapp-bridge/node_modules/@img/sharp-win32-ia32'
19 silly reify ]
20 verbose reify failed optional dependency /usr/local/lib/hermes-agent/scripts/whatsapp-bridge/node_modules/@img/sharp-win32-arm64
21 silly reify mark deleted [
21 silly reify   '/usr/local/lib/hermes-agent/scripts/whatsapp-bridge/node_modules/@img/sharp-win32-arm64'
21 silly reify ]
22 verbose reify failed optional dependency /usr/local/lib/hermes-agent/scripts/whatsapp-bridge/node_modules/@img/sharp-wasm32
23 silly reify mark deleted [
23 silly reify   '/usr/local/lib/hermes-agent/scripts/whatsapp-bridge/node_modules/@img/sharp-wasm32'
23 silly reify ]
24 verbose reify failed optional dependency /usr/local/lib/hermes-agent/scripts/whatsapp-bridge/node_modules/@emnapi/runtime
25 silly reify mark deleted [
25 silly reify   '/usr/local/lib/hermes-agent/scripts/whatsapp-bridge/node_modules/@emnapi/runtime'
25 silly reify ]
26 verbose reify failed optional dependency /usr/local/lib/hermes-agent/scripts/whatsapp-bridge/node_modules/@img/sharp-linuxmusl-arm64
27 silly reify mark deleted [
27 silly reify   '/usr/local/lib/hermes-agent/scripts/whatsapp-bridge/node_modules/@img/sharp-linuxmusl-arm64'
27 silly reify ]
28 verbose reify failed optional dependency /usr/local/lib/hermes-agent/scripts/whatsapp-bridge/node_modules/@img/sharp-linux-s390x
29 silly reify mark deleted [
29 silly reify   '/usr/local/lib/hermes-agent/scripts/whatsapp-bridge/node_modules/@img/sharp-linux-s390x'
29 silly reify ]
30 verbose reify failed optional dependency /usr/local/lib/hermes-agent/scripts/whatsapp-bridge/node_modules/@img/sharp-linux-riscv64
31 silly reify mark deleted [
31 silly reify   '/usr/local/lib/hermes-agent/scripts/whatsapp-bridge/node_modules/@img/sharp-linux-riscv64'
31 silly reify ]
32 verbose reify failed optional dependency /usr/local/lib/hermes-agent/scripts/whatsapp-bridge/node_modules/@img/sharp-linux-ppc64
33 silly reify mark deleted [
33 silly reify   '/usr/local/lib/hermes-agent/scripts/whatsapp-bridge/node_modules/@img/sharp-linux-ppc64'
33 silly reify ]
34 verbose reify failed optional dependency /usr/local/lib/hermes-agent/scripts/whatsapp-bridge/node_modules/@img/sharp-linux-arm64
35 silly reify mark deleted [
35 silly reify   '/usr/local/lib/hermes-agent/scripts/whatsapp-bridge/node_modules/@img/sharp-linux-arm64'
35 silly reify ]
36 verbose reify failed optional dependency /usr/local/lib/hermes-agent/scripts/whatsapp-bridge/node_modules/@img/sharp-linux-arm
37 silly reify mark deleted [
37 silly reify   '/usr/local/lib/hermes-agent/scripts/whatsapp-bridge/node_modules/@img/sharp-linux-arm'
37 silly reify ]
38 verbose reify failed optional dependency /usr/local/lib/hermes-agent/scripts/whatsapp-bridge/node_modules/@img/sharp-libvips-linuxmusl-arm64
39 silly reify mark deleted [
39 silly reify   '/usr/local/lib/hermes-agent/scripts/whatsapp-bridge/node_modules/@img/sharp-libvips-linuxmusl-arm64'
39 silly reify ]
40 verbose reify failed optional dependency /usr/local/lib/hermes-agent/scripts/whatsapp-bridge/node_modules/@img/sharp-libvips-linux-s390x
41 silly reify mark deleted [
41 silly reify   '/usr/local/lib/hermes-agent/scripts/whatsapp-bridge/node_modules/@img/sharp-libvips-linux-s390x'
41 silly reify ]
42 verbose reify failed optional dependency /usr/local/lib/hermes-agent/scripts/whatsapp-bridge/node_modules/@img/sharp-libvips-linux-riscv64
43 silly reify mark deleted [
43 silly reify   '/usr/local/lib/hermes-agent/scripts/whatsapp-bridge/node_modules/@img/sharp-libvips-linux-riscv64'
43 silly reify ]
44 verbose reify failed optional dependency /usr/local/lib/hermes-agent/scripts/whatsapp-bridge/node_modules/@img/sharp-libvips-linux-ppc64
45 silly reify mark deleted [
45 silly reify   '/usr/local/lib/hermes-agent/scripts/whatsapp-bridge/node_modules/@img/sharp-libvips-linux-ppc64'
45 silly reify ]
46 verbose reify failed optional dependency /usr/local/lib/hermes-agent/scripts/whatsapp-bridge/node_modules/@img/sharp-libvips-linux-arm64
47 silly reify mark deleted [
47 silly reify   '/usr/local/lib/hermes-agent/scripts/whatsapp-bridge/node_modules/@img/sharp-libvips-linux-arm64'
47 silly reify ]
48 verbose reify failed optional dependency /usr/local/lib/hermes-agent/scripts/whatsapp-bridge/node_modules/@img/sharp-libvips-linux-arm
49 silly reify mark deleted [
49 silly reify   '/usr/local/lib/hermes-agent/scripts/whatsapp-bridge/node_modules/@img/sharp-libvips-linux-arm'
49 silly reify ]
50 verbose reify failed optional dependency /usr/local/lib/hermes-agent/scripts/whatsapp-bridge/node_modules/@img/sharp-libvips-darwin-x64
51 silly reify mark deleted [
51 silly reify   '/usr/local/lib/hermes-agent/scripts/whatsapp-bridge/node_modules/@img/sharp-libvips-darwin-x64'
51 silly reify ]
52 verbose reify failed optional dependency /usr/local/lib/hermes-agent/scripts/whatsapp-bridge/node_modules/@img/sharp-libvips-darwin-arm64
53 silly reify mark deleted [
53 silly reify   '/usr/local/lib/hermes-agent/scripts/whatsapp-bridge/node_modules/@img/sharp-libvips-darwin-arm64'
53 silly reify ]
54 verbose reify failed optional dependency /usr/local/lib/hermes-agent/scripts/whatsapp-bridge/node_modules/@img/sharp-darwin-x64
55 silly reify mark deleted [
55 silly reify   '/usr/local/lib/hermes-agent/scripts/whatsapp-bridge/node_modules/@img/sharp-darwin-x64'
55 silly reify ]
56 verbose reify failed optional dependency /usr/local/lib/hermes-agent/scripts/whatsapp-bridge/node_modules/@img/sharp-darwin-arm64
57 silly reify mark deleted [
57 silly reify   '/usr/local/lib/hermes-agent/scripts/whatsapp-bridge/node_modules/@img/sharp-darwin-arm64'
57 silly reify ]
58 http cache ws@https://registry.npmjs.org/ws/-/ws-8.20.0.tgz 0ms (cache hit)
59 http cache win-guid@https://registry.npmjs.org/win-guid/-/win-guid-0.2.1.tgz 0ms (cache hit)
60 http cache whatsapp-rust-bridge@https://registry.npmjs.org/whatsapp-rust-bridge/-/whatsapp-rust-bridge-0.5.2.tgz 0ms (cache hit)
61 http cache vary@https://registry.npmjs.org/vary/-/vary-1.1.2.tgz 0ms (cache hit)
62 http cache utils-merge@https://registry.npmjs.org/utils-merge/-/utils-merge-1.0.1.tgz 0ms (cache hit)
63 http cache unpipe@https://registry.npmjs.org/unpipe/-/unpipe-1.0.0.tgz 0ms (cache hit)
64 http cache undici-types@https://registry.npmjs.org/undici-types/-/undici-types-7.19.2.tgz 0ms (cache hit)
65 http cache uint8array-extras@https://registry.npmjs.org/uint8array-extras/-/uint8array-extras-1.5.0.tgz 0ms (cache hit)
66 http cache type-is@https://registry.npmjs.org/type-is/-/type-is-1.6.18.tgz 0ms (cache hit)
67 http cache tslib@https://registry.npmjs.org/tslib/-/tslib-2.8.1.tgz 0ms (cache hit)
68 http cache token-types@https://registry.npmjs.org/token-types/-/token-types-6.1.2.tgz 0ms (cache hit)
69 http cache toidentifier@https://registry.npmjs.org/toidentifier/-/toidentifier-1.0.1.tgz 0ms (cache hit)
70 http cache thread-stream@https://registry.npmjs.org/thread-stream/-/thread-stream-3.1.0.tgz 0ms (cache hit)
71 http cache statuses@https://registry.npmjs.org/statuses/-/statuses-2.0.2.tgz 0ms (cache hit)
72 http cache strtok3@https://registry.npmjs.org/strtok3/-/strtok3-10.3.5.tgz 0ms (cache hit)
73 http cache split2@https://registry.npmjs.org/split2/-/split2-4.2.0.tgz 0ms (cache hit)
74 http cache sonic-boom@https://registry.npmjs.org/sonic-boom/-/sonic-boom-4.2.1.tgz 0ms (cache hit)
75 http cache side-channel-weakmap@https://registry.npmjs.org/side-channel-weakmap/-/side-channel-weakmap-1.0.2.tgz 0ms (cache hit)
76 http cache side-channel-map@https://registry.npmjs.org/side-channel-map/-/side-channel-map-1.0.1.tgz 0ms (cache hit)
77 http cache side-channel-list@https://registry.npmjs.org/side-channel-list/-/side-channel-list-1.0.1.tgz 0ms (cache hit)
78 http cache side-channel@https://registry.npmjs.org/side-channel/-/side-channel-1.1.0.tgz 0ms (cache hit)
79 http cache sharp@https://registry.npmjs.org/sharp/-/sharp-0.34.5.tgz 0ms (cache hit)
80 http cache serve-static@https://registry.npmjs.org/serve-static/-/serve-static-1.16.3.tgz 0ms (cache hit)
81 http cache setprototypeof@https://registry.npmjs.org/setprototypeof/-/setprototypeof-1.2.0.tgz 0ms (cache hit)
82 http cache send@https://registry.npmjs.org/send/-/send-0.19.2.tgz 0ms (cache hit)
83 http cache semver@https://registry.npmjs.org/semver/-/semver-7.7.4.tgz 0ms (cache hit)
84 http cache safe-stable-stringify@https://registry.npmjs.org/safe-stable-stringify/-/safe-stable-stringify-2.5.0.tgz 0ms (cache hit)
85 http cache safer-buffer@https://registry.npmjs.org/safer-buffer/-/safer-buffer-2.1.2.tgz 0ms (cache hit)
86 http cache safe-buffer@https://registry.npmjs.org/safe-buffer/-/safe-buffer-5.2.1.tgz 0ms (cache hit)
87 http cache real-require@https://registry.npmjs.org/real-require/-/real-require-0.2.0.tgz 0ms (cache hit)
88 http cache raw-body@https://registry.npmjs.org/raw-body/-/raw-body-2.5.3.tgz 0ms (cache hit)
89 http cache range-parser@https://registry.npmjs.org/range-parser/-/range-parser-1.2.1.tgz 0ms (cache hit)
90 http cache qs@https://registry.npmjs.org/qs/-/qs-6.14.2.tgz 0ms (cache hit)
91 http cache quick-format-unescaped@https://registry.npmjs.org/quick-format-unescaped/-/quick-format-unescaped-4.0.4.tgz 0ms (cache hit)
92 http cache qrcode-terminal@https://registry.npmjs.org/qrcode-terminal/-/qrcode-terminal-0.12.0.tgz 0ms (cache hit)
93 http cache qified@https://registry.npmjs.org/qified/-/qified-0.9.1.tgz 0ms (cache hit)
94 http cache proxy-addr@https://registry.npmjs.org/proxy-addr/-/proxy-addr-2.0.7.tgz 0ms (cache hit)
95 http cache protobufjs@https://registry.npmjs.org/protobufjs/-/protobufjs-7.5.6.tgz 0ms (cache hit)
96 http cache process-warning@https://registry.npmjs.org/process-warning/-/process-warning-5.0.0.tgz 0ms (cache hit)
97 http cache pino-std-serializers@https://registry.npmjs.org/pino-std-serializers/-/pino-std-serializers-7.1.0.tgz 0ms (cache hit)
98 http cache pino-abstract-transport@https://registry.npmjs.org/pino-abstract-transport/-/pino-abstract-transport-2.0.0.tgz 0ms (cache hit)
99 http cache pino@https://registry.npmjs.org/pino/-/pino-9.14.0.tgz 0ms (cache hit)
100 http cache path-to-regexp@https://registry.npmjs.org/path-to-regexp/-/path-to-regexp-0.1.13.tgz 0ms (cache hit)
101 http cache parseurl@https://registry.npmjs.org/parseurl/-/parseurl-1.3.3.tgz 0ms (cache hit)
102 http cache p-timeout@https://registry.npmjs.org/p-timeout/-/p-timeout-7.0.1.tgz 0ms (cache hit)
103 http cache p-queue@https://registry.npmjs.org/p-queue/-/p-queue-9.2.0.tgz 0ms (cache hit)
104 http cache on-finished@https://registry.npmjs.org/on-finished/-/on-finished-2.4.1.tgz 0ms (cache hit)
105 http cache on-exit-leak-free@https://registry.npmjs.org/on-exit-leak-free/-/on-exit-leak-free-2.1.2.tgz 0ms (cache hit)
106 http cache object-inspect@https://registry.npmjs.org/object-inspect/-/object-inspect-1.13.4.tgz 0ms (cache hit)
107 http cache negotiator@https://registry.npmjs.org/negotiator/-/negotiator-0.6.3.tgz 0ms (cache hit)
108 http cache music-metadata@https://registry.npmjs.org/music-metadata/-/music-metadata-11.12.3.tgz 0ms (cache hit)
109 http cache ms@https://registry.npmjs.org/ms/-/ms-2.0.0.tgz 0ms (cache hit)
110 http cache mime-types@https://registry.npmjs.org/mime-types/-/mime-types-2.1.35.tgz 0ms (cache hit)
111 http cache mime-db@https://registry.npmjs.org/mime-db/-/mime-db-1.52.0.tgz 0ms (cache hit)
112 http cache mime@https://registry.npmjs.org/mime/-/mime-1.6.0.tgz 0ms (cache hit)
113 http cache methods@https://registry.npmjs.org/methods/-/methods-1.1.2.tgz 0ms (cache hit)
114 http cache merge-descriptors@https://registry.npmjs.org/merge-descriptors/-/merge-descriptors-1.0.3.tgz 0ms (cache hit)
115 http cache media-typer@https://registry.npmjs.org/media-typer/-/media-typer-1.1.0.tgz 0ms (cache hit)
116 http cache math-intrinsics@https://registry.npmjs.org/math-intrinsics/-/math-intrinsics-1.1.0.tgz 0ms (cache hit)
117 http cache lru-cache@https://registry.npmjs.org/lru-cache/-/lru-cache-11.3.5.tgz 0ms (cache hit)
118 http cache long@https://registry.npmjs.org/long/-/long-5.3.2.tgz 0ms (cache hit)
119 http cache keyv@https://registry.npmjs.org/keyv/-/keyv-5.6.0.tgz 0ms (cache hit)
120 http cache ipaddr.js@https://registry.npmjs.org/ipaddr.js/-/ipaddr.js-1.9.1.tgz 0ms (cache hit)
121 http cache inherits@https://registry.npmjs.org/inherits/-/inherits-2.0.4.tgz 0ms (cache hit)
122 http cache iconv-lite@https://registry.npmjs.org/iconv-lite/-/iconv-lite-0.4.24.tgz 0ms (cache hit)
123 http cache ieee754@https://registry.npmjs.org/ieee754/-/ieee754-1.2.1.tgz 0ms (cache hit)
124 http cache http-errors@https://registry.npmjs.org/http-errors/-/http-errors-2.0.1.tgz 0ms (cache hit)
125 http cache hookified@https://registry.npmjs.org/hookified/-/hookified-1.15.1.tgz 0ms (cache hit)
126 http cache hasown@https://registry.npmjs.org/hasown/-/hasown-2.0.3.tgz 0ms (cache hit)
127 http cache has-symbols@https://registry.npmjs.org/has-symbols/-/has-symbols-1.1.0.tgz 0ms (cache hit)
128 http cache hashery@https://registry.npmjs.org/hashery/-/hashery-1.5.1.tgz 0ms (cache hit)
129 http cache gopd@https://registry.npmjs.org/gopd/-/gopd-1.2.0.tgz 0ms (cache hit)
130 http cache get-proto@https://registry.npmjs.org/get-proto/-/get-proto-1.0.1.tgz 0ms (cache hit)
131 http cache get-intrinsic@https://registry.npmjs.org/get-intrinsic/-/get-intrinsic-1.3.0.tgz 0ms (cache hit)
132 http cache fresh@https://registry.npmjs.org/fresh/-/fresh-0.5.2.tgz 0ms (cache hit)
133 http cache function-bind@https://registry.npmjs.org/function-bind/-/function-bind-1.1.2.tgz 0ms (cache hit)
134 http cache forwarded@https://registry.npmjs.org/forwarded/-/forwarded-0.2.0.tgz 0ms (cache hit)
135 http cache finalhandler@https://registry.npmjs.org/finalhandler/-/finalhandler-1.3.2.tgz 0ms (cache hit)
136 http cache file-type@https://registry.npmjs.org/file-type/-/file-type-21.3.4.tgz 0ms (cache hit)
137 http cache express@https://registry.npmjs.org/express/-/express-4.22.1.tgz 0ms (cache hit)
138 http cache eventemitter3@https://registry.npmjs.org/eventemitter3/-/eventemitter3-5.0.4.tgz 0ms (cache hit)
139 http cache etag@https://registry.npmjs.org/etag/-/etag-1.8.1.tgz 0ms (cache hit)
140 http cache escape-html@https://registry.npmjs.org/escape-html/-/escape-html-1.0.3.tgz 0ms (cache hit)
141 http cache es-object-atoms@https://registry.npmjs.org/es-object-atoms/-/es-object-atoms-1.1.1.tgz 0ms (cache hit)
142 http cache es-define-property@https://registry.npmjs.org/es-define-property/-/es-define-property-1.0.1.tgz 0ms (cache hit)
143 http cache es-errors@https://registry.npmjs.org/es-errors/-/es-errors-1.3.0.tgz 0ms (cache hit)
144 http cache encodeurl@https://registry.npmjs.org/encodeurl/-/encodeurl-2.0.0.tgz 0ms (cache hit)
145 http cache ee-first@https://registry.npmjs.org/ee-first/-/ee-first-1.1.1.tgz 0ms (cache hit)
146 http cache dunder-proto@https://registry.npmjs.org/dunder-proto/-/dunder-proto-1.0.1.tgz 0ms (cache hit)
147 http cache detect-libc@https://registry.npmjs.org/detect-libc/-/detect-libc-2.1.2.tgz 0ms (cache hit)
148 http cache destroy@https://registry.npmjs.org/destroy/-/destroy-1.2.0.tgz 0ms (cache hit)
149 http cache depd@https://registry.npmjs.org/depd/-/depd-2.0.0.tgz 0ms (cache hit)
150 http cache debug@https://registry.npmjs.org/debug/-/debug-2.6.9.tgz 0ms (cache hit)
151 http cache curve25519-js@https://registry.npmjs.org/curve25519-js/-/curve25519-js-0.0.4.tgz 0ms (cache hit)
152 http cache cookie-signature@https://registry.npmjs.org/cookie-signature/-/cookie-signature-1.0.7.tgz 0ms (cache hit)
153 http cache cookie@https://registry.npmjs.org/cookie/-/cookie-0.7.2.tgz 0ms (cache hit)
154 http cache content-type@https://registry.npmjs.org/content-type/-/content-type-1.0.5.tgz 0ms (cache hit)
155 http cache content-disposition@https://registry.npmjs.org/content-disposition/-/content-disposition-0.5.4.tgz 0ms (cache hit)
156 http cache call-bound@https://registry.npmjs.org/call-bound/-/call-bound-1.0.4.tgz 0ms (cache hit)
157 http cache call-bind-apply-helpers@https://registry.npmjs.org/call-bind-apply-helpers/-/call-bind-apply-helpers-1.0.2.tgz 0ms (cache hit)
158 http cache cacheable@https://registry.npmjs.org/cacheable/-/cacheable-2.3.4.tgz 0ms (cache hit)
159 http cache bytes@https://registry.npmjs.org/bytes/-/bytes-3.1.2.tgz 0ms (cache hit)
160 http cache body-parser@https://registry.npmjs.org/body-parser/-/body-parser-1.20.5.tgz 0ms (cache hit)
161 http cache atomic-sleep@https://registry.npmjs.org/atomic-sleep/-/atomic-sleep-1.0.0.tgz 0ms (cache hit)
162 http cache array-flatten@https://registry.npmjs.org/array-flatten/-/array-flatten-1.1.1.tgz 0ms (cache hit)
163 http cache async-mutex@https://registry.npmjs.org/async-mutex/-/async-mutex-0.5.0.tgz 0ms (cache hit)
164 http cache accepts@https://registry.npmjs.org/accepts/-/accepts-1.3.8.tgz 0ms (cache hit)
165 http cache @types/node@https://registry.npmjs.org/@types/node/-/node-25.6.0.tgz 0ms (cache hit)
166 http cache @tokenizer/token@https://registry.npmjs.org/@tokenizer/token/-/token-0.3.0.tgz 0ms (cache hit)
167 http cache @tokenizer/inflate@https://registry.npmjs.org/@tokenizer/inflate/-/inflate-0.4.1.tgz 0ms (cache hit)
168 http cache @protobufjs/utf8@https://registry.npmjs.org/@protobufjs/utf8/-/utf8-1.1.1.tgz 0ms (cache hit)
169 http cache @protobufjs/pool@https://registry.npmjs.org/@protobufjs/pool/-/pool-1.1.0.tgz 0ms (cache hit)
170 http cache @protobufjs/path@https://registry.npmjs.org/@protobufjs/path/-/path-1.1.2.tgz 0ms (cache hit)
171 http cache @protobufjs/inquire@https://registry.npmjs.org/@protobufjs/inquire/-/inquire-1.1.1.tgz 0ms (cache hit)
172 http cache @protobufjs/float@https://registry.npmjs.org/@protobufjs/float/-/float-1.0.2.tgz 0ms (cache hit)
173 http cache @protobufjs/fetch@https://registry.npmjs.org/@protobufjs/fetch/-/fetch-1.1.0.tgz 0ms (cache hit)
174 http cache @protobufjs/eventemitter@https://registry.npmjs.org/@protobufjs/eventemitter/-/eventemitter-1.1.0.tgz 0ms (cache hit)
175 http cache @protobufjs/codegen@https://registry.npmjs.org/@protobufjs/codegen/-/codegen-2.0.5.tgz 0ms (cache hit)
176 http cache @protobufjs/base64@https://registry.npmjs.org/@protobufjs/base64/-/base64-1.1.2.tgz 0ms (cache hit)
177 http cache @protobufjs/aspromise@https://registry.npmjs.org/@protobufjs/aspromise/-/aspromise-1.1.2.tgz 0ms (cache hit)
178 http cache @pinojs/redact@https://registry.npmjs.org/@pinojs/redact/-/redact-0.4.0.tgz 0ms (cache hit)
179 http cache @keyv/serialize@https://registry.npmjs.org/@keyv/serialize/-/serialize-1.1.1.tgz 0ms (cache hit)
180 http cache @keyv/bigmap@https://registry.npmjs.org/@keyv/bigmap/-/bigmap-1.3.1.tgz 0ms (cache hit)
181 http cache @img/sharp-linuxmusl-x64@https://registry.npmjs.org/@img/sharp-linuxmusl-x64/-/sharp-linuxmusl-x64-0.34.5.tgz 0ms (cache hit)
182 http cache @img/sharp-linux-x64@https://registry.npmjs.org/@img/sharp-linux-x64/-/sharp-linux-x64-0.34.5.tgz 0ms (cache hit)
183 http cache @img/sharp-libvips-linuxmusl-x64@https://registry.npmjs.org/@img/sharp-libvips-linuxmusl-x64/-/sharp-libvips-linuxmusl-x64-1.2.4.tgz 0ms (cache hit)
184 http cache @img/sharp-libvips-linux-x64@https://registry.npmjs.org/@img/sharp-libvips-linux-x64/-/sharp-libvips-linux-x64-1.2.4.tgz 0ms (cache hit)
185 http cache @img/colour@https://registry.npmjs.org/@img/colour/-/colour-1.1.0.tgz 0ms (cache hit)
186 http cache @hapi/hoek@https://registry.npmjs.org/@hapi/hoek/-/hoek-9.3.0.tgz 0ms (cache hit)
187 http cache @hapi/boom@https://registry.npmjs.org/@hapi/boom/-/boom-9.1.4.tgz 0ms (cache hit)
188 http cache @emnapi/runtime@https://registry.npmjs.org/@emnapi/runtime/-/runtime-1.10.0.tgz 0ms (cache hit)
189 http cache @cacheable/utils@https://registry.npmjs.org/@cacheable/utils/-/utils-2.4.1.tgz 0ms (cache hit)
190 http cache @cacheable/node-cache@https://registry.npmjs.org/@cacheable/node-cache/-/node-cache-1.7.6.tgz 0ms (cache hit)
191 http cache @cacheable/memory@https://registry.npmjs.org/@cacheable/memory/-/memory-2.0.8.tgz 0ms (cache hit)
192 http cache @borewit/text-codec@https://registry.npmjs.org/@borewit/text-codec/-/text-codec-0.2.2.tgz 0ms (cache hit)
193 http cache media-typer@https://registry.npmjs.org/media-typer/-/media-typer-0.3.0.tgz 0ms (cache hit)
194 http cache ms@https://registry.npmjs.org/ms/-/ms-2.1.3.tgz 0ms (cache hit)
195 http cache hookified@https://registry.npmjs.org/hookified/-/hookified-2.2.0.tgz 0ms (cache hit)
196 http cache ms@https://registry.npmjs.org/ms/-/ms-2.1.3.tgz 0ms (cache hit)
197 http cache debug@https://registry.npmjs.org/debug/-/debug-4.4.3.tgz 0ms (cache hit)
198 http cache qs@https://registry.npmjs.org/qs/-/qs-6.15.1.tgz 0ms (cache hit)
199 http cache ms@https://registry.npmjs.org/ms/-/ms-2.1.3.tgz 0ms (cache hit)
200 http cache debug@https://registry.npmjs.org/debug/-/debug-4.4.3.tgz 0ms (cache hit)
201 silly tarball no local data for win-guid@https://registry.npmjs.org/win-guid/-/win-guid-0.2.1.tgz. Extracting by manifest.
202 silly tarball no local data for whatsapp-rust-bridge@https://registry.npmjs.org/whatsapp-rust-bridge/-/whatsapp-rust-bridge-0.5.2.tgz. Extracting by manifest.
203 silly tarball no local data for ws@https://registry.npmjs.org/ws/-/ws-8.20.0.tgz. Extracting by manifest.
204 silly tarball no local data for vary@https://registry.npmjs.org/vary/-/vary-1.1.2.tgz. Extracting by manifest.
205 silly tarball no local data for utils-merge@https://registry.npmjs.org/utils-merge/-/utils-merge-1.0.1.tgz. Extracting by manifest.
206 silly tarball no local data for unpipe@https://registry.npmjs.org/unpipe/-/unpipe-1.0.0.tgz. Extracting by manifest.
207 silly tarball no local data for undici-types@https://registry.npmjs.org/undici-types/-/undici-types-7.19.2.tgz. Extracting by manifest.
208 silly tarball no local data for uint8array-extras@https://registry.npmjs.org/uint8array-extras/-/uint8array-extras-1.5.0.tgz. Extracting by manifest.
209 silly tarball no local data for type-is@https://registry.npmjs.org/type-is/-/type-is-1.6.18.tgz. Extracting by manifest.
210 silly tarball no local data for token-types@https://registry.npmjs.org/token-types/-/token-types-6.1.2.tgz. Extracting by manifest.
211 silly tarball no local data for toidentifier@https://registry.npmjs.org/toidentifier/-/toidentifier-1.0.1.tgz. Extracting by manifest.
212 silly tarball no local data for thread-stream@https://registry.npmjs.org/thread-stream/-/thread-stream-3.1.0.tgz. Extracting by manifest.
213 silly tarball no local data for statuses@https://registry.npmjs.org/statuses/-/statuses-2.0.2.tgz. Extracting by manifest.
214 silly tarball no local data for strtok3@https://registry.npmjs.org/strtok3/-/strtok3-10.3.5.tgz. Extracting by manifest.
215 silly tarball no local data for split2@https://registry.npmjs.org/split2/-/split2-4.2.0.tgz. Extracting by manifest.
216 silly tarball no local data for sonic-boom@https://registry.npmjs.org/sonic-boom/-/sonic-boom-4.2.1.tgz. Extracting by manifest.
217 silly tarball no local data for sharp@https://registry.npmjs.org/sharp/-/sharp-0.34.5.tgz. Extracting by manifest.
218 silly tarball no local data for side-channel@https://registry.npmjs.org/side-channel/-/side-channel-1.1.0.tgz. Extracting by manifest.
219 silly tarball no local data for serve-static@https://registry.npmjs.org/serve-static/-/serve-static-1.16.3.tgz. Extracting by manifest.
220 silly tarball no local data for setprototypeof@https://registry.npmjs.org/setprototypeof/-/setprototypeof-1.2.0.tgz. Extracting by manifest.
221 silly tarball no local data for send@https://registry.npmjs.org/send/-/send-0.19.2.tgz. Extracting by manifest.
222 silly tarball no local data for safe-buffer@https://registry.npmjs.org/safe-buffer/-/safe-buffer-5.2.1.tgz. Extracting by manifest.
223 silly tarball no local data for safe-stable-stringify@https://registry.npmjs.org/safe-stable-stringify/-/safe-stable-stringify-2.5.0.tgz. Extracting by manifest.
224 silly tarball no local data for real-require@https://registry.npmjs.org/real-require/-/real-require-0.2.0.tgz. Extracting by manifest.
225 silly tarball no local data for raw-body@https://registry.npmjs.org/raw-body/-/raw-body-2.5.3.tgz. Extracting by manifest.
226 silly tarball no local data for range-parser@https://registry.npmjs.org/range-parser/-/range-parser-1.2.1.tgz. Extracting by manifest.
227 silly tarball no local data for qs@https://registry.npmjs.org/qs/-/qs-6.14.2.tgz. Extracting by manifest.
228 silly tarball no local data for quick-format-unescaped@https://registry.npmjs.org/quick-format-unescaped/-/quick-format-unescaped-4.0.4.tgz. Extracting by manifest.
229 silly tarball no local data for qrcode-terminal@https://registry.npmjs.org/qrcode-terminal/-/qrcode-terminal-0.12.0.tgz. Extracting by manifest.
230 silly tarball no local data for proxy-addr@https://registry.npmjs.org/proxy-addr/-/proxy-addr-2.0.7.tgz. Extracting by manifest.
231 silly tarball no local data for qified@https://registry.npmjs.org/qified/-/qified-0.9.1.tgz. Extracting by manifest.
232 silly tarball no local data for protobufjs@https://registry.npmjs.org/protobufjs/-/protobufjs-7.5.6.tgz. Extracting by manifest.
233 silly tarball no local data for pino-std-serializers@https://registry.npmjs.org/pino-std-serializers/-/pino-std-serializers-7.1.0.tgz. Extracting by manifest.
234 silly tarball no local data for process-warning@https://registry.npmjs.org/process-warning/-/process-warning-5.0.0.tgz. Extracting by manifest.
235 silly tarball no local data for pino-abstract-transport@https://registry.npmjs.org/pino-abstract-transport/-/pino-abstract-transport-2.0.0.tgz. Extracting by manifest.
236 silly tarball no local data for pino@https://registry.npmjs.org/pino/-/pino-9.14.0.tgz. Extracting by manifest.
237 silly tarball no local data for p-timeout@https://registry.npmjs.org/p-timeout/-/p-timeout-7.0.1.tgz. Extracting by manifest.
238 silly tarball no local data for path-to-regexp@https://registry.npmjs.org/path-to-regexp/-/path-to-regexp-0.1.13.tgz. Extracting by manifest.
239 silly tarball no local data for p-queue@https://registry.npmjs.org/p-queue/-/p-queue-9.2.0.tgz. Extracting by manifest.
240 silly tarball no local data for parseurl@https://registry.npmjs.org/parseurl/-/parseurl-1.3.3.tgz. Extracting by manifest.
241 silly tarball no local data for on-finished@https://registry.npmjs.org/on-finished/-/on-finished-2.4.1.tgz. Extracting by manifest.
242 silly tarball no local data for on-exit-leak-free@https://registry.npmjs.org/on-exit-leak-free/-/on-exit-leak-free-2.1.2.tgz. Extracting by manifest.
243 silly tarball no local data for music-metadata@https://registry.npmjs.org/music-metadata/-/music-metadata-11.12.3.tgz. Extracting by manifest.
244 silly tarball no local data for ms@https://registry.npmjs.org/ms/-/ms-2.0.0.tgz. Extracting by manifest.
245 silly tarball no local data for negotiator@https://registry.npmjs.org/negotiator/-/negotiator-0.6.3.tgz. Extracting by manifest.
246 silly tarball no local data for mime@https://registry.npmjs.org/mime/-/mime-1.6.0.tgz. Extracting by manifest.
247 silly tarball no local data for methods@https://registry.npmjs.org/methods/-/methods-1.1.2.tgz. Extracting by manifest.
248 silly tarball no local data for merge-descriptors@https://registry.npmjs.org/merge-descriptors/-/merge-descriptors-1.0.3.tgz. Extracting by manifest.
249 silly tarball no local data for media-typer@https://registry.npmjs.org/media-typer/-/media-typer-1.1.0.tgz. Extracting by manifest.
250 silly tarball no local data for lru-cache@https://registry.npmjs.org/lru-cache/-/lru-cache-11.3.5.tgz. Extracting by manifest.
251 silly tarball no local data for long@https://registry.npmjs.org/long/-/long-5.3.2.tgz. Extracting by manifest.
252 silly tarball no local data for keyv@https://registry.npmjs.org/keyv/-/keyv-5.6.0.tgz. Extracting by manifest.
253 silly tarball no local data for ipaddr.js@https://registry.npmjs.org/ipaddr.js/-/ipaddr.js-1.9.1.tgz. Extracting by manifest.
254 silly tarball no local data for iconv-lite@https://registry.npmjs.org/iconv-lite/-/iconv-lite-0.4.24.tgz. Extracting by manifest.
255 silly tarball no local data for http-errors@https://registry.npmjs.org/http-errors/-/http-errors-2.0.1.tgz. Extracting by manifest.
256 silly tarball no local data for hookified@https://registry.npmjs.org/hookified/-/hookified-1.15.1.tgz. Extracting by manifest.
257 silly tarball no local data for hasown@https://registry.npmjs.org/hasown/-/hasown-2.0.3.tgz. Extracting by manifest.
258 silly tarball no local data for hashery@https://registry.npmjs.org/hashery/-/hashery-1.5.1.tgz. Extracting by manifest.
259 silly tarball no local data for fresh@https://registry.npmjs.org/fresh/-/fresh-0.5.2.tgz. Extracting by manifest.
260 silly tarball no local data for forwarded@https://registry.npmjs.org/forwarded/-/forwarded-0.2.0.tgz. Extracting by manifest.
261 silly tarball no local data for file-type@https://registry.npmjs.org/file-type/-/file-type-21.3.4.tgz. Extracting by manifest.
262 silly tarball no local data for eventemitter3@https://registry.npmjs.org/eventemitter3/-/eventemitter3-5.0.4.tgz. Extracting by manifest.
263 silly tarball no local data for finalhandler@https://registry.npmjs.org/finalhandler/-/finalhandler-1.3.2.tgz. Extracting by manifest.
264 silly tarball no local data for etag@https://registry.npmjs.org/etag/-/etag-1.8.1.tgz. Extracting by manifest.
265 silly tarball no local data for express@https://registry.npmjs.org/express/-/express-4.22.1.tgz. Extracting by manifest.
266 silly tarball no local data for escape-html@https://registry.npmjs.org/escape-html/-/escape-html-1.0.3.tgz. Extracting by manifest.
267 silly tarball no local data for es-object-atoms@https://registry.npmjs.org/es-object-atoms/-/es-object-atoms-1.1.1.tgz. Extracting by manifest.
268 silly tarball no local data for ee-first@https://registry.npmjs.org/ee-first/-/ee-first-1.1.1.tgz. Extracting by manifest.
269 silly tarball no local data for encodeurl@https://registry.npmjs.org/encodeurl/-/encodeurl-2.0.0.tgz. Extracting by manifest.
270 silly tarball no local data for destroy@https://registry.npmjs.org/destroy/-/destroy-1.2.0.tgz. Extracting by manifest.
271 silly tarball no local data for curve25519-js@https://registry.npmjs.org/curve25519-js/-/curve25519-js-0.0.4.tgz. Extracting by manifest.
272 silly tarball no local data for depd@https://registry.npmjs.org/depd/-/depd-2.0.0.tgz. Extracting by manifest.
273 silly tarball no local data for debug@https://registry.npmjs.org/debug/-/debug-2.6.9.tgz. Extracting by manifest.
274 silly tarball no local data for cookie-signature@https://registry.npmjs.org/cookie-signature/-/cookie-signature-1.0.7.tgz. Extracting by manifest.
275 silly tarball no local data for cookie@https://registry.npmjs.org/cookie/-/cookie-0.7.2.tgz. Extracting by manifest.
276 silly tarball no local data for content-type@https://registry.npmjs.org/content-type/-/content-type-1.0.5.tgz. Extracting by manifest.
277 silly tarball no local data for content-disposition@https://registry.npmjs.org/content-disposition/-/content-disposition-0.5.4.tgz. Extracting by manifest.
278 silly tarball no local data for bytes@https://registry.npmjs.org/bytes/-/bytes-3.1.2.tgz. Extracting by manifest.
279 silly tarball no local data for cacheable@https://registry.npmjs.org/cacheable/-/cacheable-2.3.4.tgz. Extracting by manifest.
280 silly tarball no local data for body-parser@https://registry.npmjs.org/body-parser/-/body-parser-1.20.5.tgz. Extracting by manifest.
281 silly tarball no local data for atomic-sleep@https://registry.npmjs.org/atomic-sleep/-/atomic-sleep-1.0.0.tgz. Extracting by manifest.
282 silly tarball no local data for array-flatten@https://registry.npmjs.org/array-flatten/-/array-flatten-1.1.1.tgz. Extracting by manifest.
283 silly tarball no local data for async-mutex@https://registry.npmjs.org/async-mutex/-/async-mutex-0.5.0.tgz. Extracting by manifest.
284 silly tarball no local data for accepts@https://registry.npmjs.org/accepts/-/accepts-1.3.8.tgz. Extracting by manifest.
285 silly tarball no local data for @tokenizer/token@https://registry.npmjs.org/@tokenizer/token/-/token-0.3.0.tgz. Extracting by manifest.
286 silly tarball no local data for @tokenizer/inflate@https://registry.npmjs.org/@tokenizer/inflate/-/inflate-0.4.1.tgz. Extracting by manifest.
287 silly tarball no local data for @types/node@https://registry.npmjs.org/@types/node/-/node-25.6.0.tgz. Extracting by manifest.
288 silly tarball no local data for @protobufjs/utf8@https://registry.npmjs.org/@protobufjs/utf8/-/utf8-1.1.1.tgz. Extracting by manifest.
289 silly tarball no local data for @protobufjs/path@https://registry.npmjs.org/@protobufjs/path/-/path-1.1.2.tgz. Extracting by manifest.
290 silly tarball no local data for @protobufjs/inquire@https://registry.npmjs.org/@protobufjs/inquire/-/inquire-1.1.1.tgz. Extracting by manifest.
291 silly tarball no local data for @protobufjs/pool@https://registry.npmjs.org/@protobufjs/pool/-/pool-1.1.0.tgz. Extracting by manifest.
292 silly tarball no local data for @protobufjs/fetch@https://registry.npmjs.org/@protobufjs/fetch/-/fetch-1.1.0.tgz. Extracting by manifest.
293 silly tarball no local data for @protobufjs/eventemitter@https://registry.npmjs.org/@protobufjs/eventemitter/-/eventemitter-1.1.0.tgz. Extracting by manifest.
294 silly tarball no local data for @protobufjs/float@https://registry.npmjs.org/@protobufjs/float/-/float-1.0.2.tgz. Extracting by manifest.
295 silly tarball no local data for @protobufjs/aspromise@https://registry.npmjs.org/@protobufjs/aspromise/-/aspromise-1.1.2.tgz. Extracting by manifest.
296 silly tarball no local data for @protobufjs/codegen@https://registry.npmjs.org/@protobufjs/codegen/-/codegen-2.0.5.tgz. Extracting by manifest.
297 silly tarball no local data for @pinojs/redact@https://registry.npmjs.org/@pinojs/redact/-/redact-0.4.0.tgz. Extracting by manifest.
298 silly tarball no local data for @protobufjs/base64@https://registry.npmjs.org/@protobufjs/base64/-/base64-1.1.2.tgz. Extracting by manifest.
299 silly tarball no local data for @keyv/serialize@https://registry.npmjs.org/@keyv/serialize/-/serialize-1.1.1.tgz. Extracting by manifest.
300 silly tarball no local data for @img/sharp-libvips-linuxmusl-x64@https://registry.npmjs.org/@img/sharp-libvips-linuxmusl-x64/-/sharp-libvips-linuxmusl-x64-1.2.4.tgz. Extracting by manifest.
301 silly tarball no local data for @img/sharp-linux-x64@https://registry.npmjs.org/@img/sharp-linux-x64/-/sharp-linux-x64-0.34.5.tgz. Extracting by manifest.
302 silly tarball no local data for @keyv/bigmap@https://registry.npmjs.org/@keyv/bigmap/-/bigmap-1.3.1.tgz. Extracting by manifest.
303 silly tarball no local data for @img/sharp-linuxmusl-x64@https://registry.npmjs.org/@img/sharp-linuxmusl-x64/-/sharp-linuxmusl-x64-0.34.5.tgz. Extracting by manifest.
304 silly tarball no local data for @img/sharp-libvips-linux-x64@https://registry.npmjs.org/@img/sharp-libvips-linux-x64/-/sharp-libvips-linux-x64-1.2.4.tgz. Extracting by manifest.
305 silly tarball no local data for @img/colour@https://registry.npmjs.org/@img/colour/-/colour-1.1.0.tgz. Extracting by manifest.
306 silly tarball no local data for @hapi/hoek@https://registry.npmjs.org/@hapi/hoek/-/hoek-9.3.0.tgz. Extracting by manifest.
307 silly tarball no local data for @emnapi/runtime@https://registry.npmjs.org/@emnapi/runtime/-/runtime-1.10.0.tgz. Extracting by manifest.
308 silly tarball no local data for @cacheable/utils@https://registry.npmjs.org/@cacheable/utils/-/utils-2.4.1.tgz. Extracting by manifest.
309 silly tarball no local data for @hapi/boom@https://registry.npmjs.org/@hapi/boom/-/boom-9.1.4.tgz. Extracting by manifest.
310 silly tarball no local data for @cacheable/node-cache@https://registry.npmjs.org/@cacheable/node-cache/-/node-cache-1.7.6.tgz. Extracting by manifest.
311 silly tarball no local data for @cacheable/memory@https://registry.npmjs.org/@cacheable/memory/-/memory-2.0.8.tgz. Extracting by manifest.
312 silly tarball no local data for media-typer@https://registry.npmjs.org/media-typer/-/media-typer-0.3.0.tgz. Extracting by manifest.
313 silly tarball no local data for @borewit/text-codec@https://registry.npmjs.org/@borewit/text-codec/-/text-codec-0.2.2.tgz. Extracting by manifest.
314 silly tarball no local data for hookified@https://registry.npmjs.org/hookified/-/hookified-2.2.0.tgz. Extracting by manifest.
315 silly tarball no local data for qs@https://registry.npmjs.org/qs/-/qs-6.15.1.tgz. Extracting by manifest.
316 http fetch GET 200 https://registry.npmjs.org/utils-merge/-/utils-merge-1.0.1.tgz 456ms (cache miss)
317 http fetch GET 200 https://registry.npmjs.org/win-guid/-/win-guid-0.2.1.tgz 475ms (cache miss)
318 http fetch GET 200 https://registry.npmjs.org/unpipe/-/unpipe-1.0.0.tgz 471ms (cache miss)
319 http fetch GET 200 https://registry.npmjs.org/vary/-/vary-1.1.2.tgz 488ms (cache miss)
320 http fetch GET 200 https://registry.npmjs.org/toidentifier/-/toidentifier-1.0.1.tgz 485ms (cache miss)
321 http fetch GET 200 https://registry.npmjs.org/statuses/-/statuses-2.0.2.tgz 501ms (cache miss)
322 http fetch GET 200 https://registry.npmjs.org/type-is/-/type-is-1.6.18.tgz 520ms (cache miss)
323 http fetch GET 200 https://registry.npmjs.org/uint8array-extras/-/uint8array-extras-1.5.0.tgz 521ms (cache miss)
324 http fetch GET 200 https://registry.npmjs.org/split2/-/split2-4.2.0.tgz 517ms (cache miss)
325 http fetch GET 200 https://registry.npmjs.org/setprototypeof/-/setprototypeof-1.2.0.tgz 526ms (cache miss)
326 http fetch GET 200 https://registry.npmjs.org/token-types/-/token-types-6.1.2.tgz 539ms (cache miss)
327 http fetch GET 200 https://registry.npmjs.org/real-require/-/real-require-0.2.0.tgz 545ms (cache miss)
328 http fetch GET 200 https://registry.npmjs.org/range-parser/-/range-parser-1.2.1.tgz 556ms (cache miss)
329 http fetch GET 200 https://registry.npmjs.org/quick-format-unescaped/-/quick-format-unescaped-4.0.4.tgz 555ms (cache miss)
330 http fetch GET 200 https://registry.npmjs.org/raw-body/-/raw-body-2.5.3.tgz 571ms (cache miss)
331 http fetch GET 200 https://registry.npmjs.org/proxy-addr/-/proxy-addr-2.0.7.tgz 588ms (cache miss)
332 http fetch GET 200 https://registry.npmjs.org/path-to-regexp/-/path-to-regexp-0.1.13.tgz 586ms (cache miss)
333 http fetch GET 200 https://registry.npmjs.org/methods/-/methods-1.1.2.tgz 585ms (cache miss)
334 http fetch GET 200 https://registry.npmjs.org/ms/-/ms-2.0.0.tgz 600ms (cache miss)
335 http fetch GET 200 https://registry.npmjs.org/merge-descriptors/-/merge-descriptors-1.0.3.tgz 599ms (cache miss)
336 http fetch GET 200 https://registry.npmjs.org/media-typer/-/media-typer-1.1.0.tgz 600ms (cache miss)
337 http fetch GET 200 https://registry.npmjs.org/serve-static/-/serve-static-1.16.3.tgz 626ms (cache miss)
338 http fetch GET 200 https://registry.npmjs.org/safe-stable-stringify/-/safe-stable-stringify-2.5.0.tgz 625ms (cache miss)
339 http fetch GET 200 https://registry.npmjs.org/p-timeout/-/p-timeout-7.0.1.tgz 622ms (cache miss)
340 http fetch GET 200 https://registry.npmjs.org/on-finished/-/on-finished-2.4.1.tgz 637ms (cache miss)
341 http fetch GET 200 https://registry.npmjs.org/parseurl/-/parseurl-1.3.3.tgz 638ms (cache miss)
342 http fetch GET 200 https://registry.npmjs.org/forwarded/-/forwarded-0.2.0.tgz 633ms (cache miss)
343 http fetch GET 200 https://registry.npmjs.org/http-errors/-/http-errors-2.0.1.tgz 635ms (cache miss)
344 http fetch GET 200 https://registry.npmjs.org/side-channel/-/side-channel-1.1.0.tgz 674ms (cache miss)
345 http fetch GET 200 https://registry.npmjs.org/ipaddr.js/-/ipaddr.js-1.9.1.tgz 665ms (cache miss)
346 http fetch GET 200 https://registry.npmjs.org/fresh/-/fresh-0.5.2.tgz 664ms (cache miss)
347 http fetch GET 200 https://registry.npmjs.org/finalhandler/-/finalhandler-1.3.2.tgz 663ms (cache miss)
348 http fetch GET 200 https://registry.npmjs.org/safe-buffer/-/safe-buffer-5.2.1.tgz 699ms (cache miss)
349 http fetch GET 200 https://registry.npmjs.org/escape-html/-/escape-html-1.0.3.tgz 687ms (cache miss)
350 http fetch GET 200 https://registry.npmjs.org/negotiator/-/negotiator-0.6.3.tgz 707ms (cache miss)
351 http fetch GET 200 https://registry.npmjs.org/hasown/-/hasown-2.0.3.tgz 703ms (cache miss)
352 http fetch GET 200 https://registry.npmjs.org/etag/-/etag-1.8.1.tgz 701ms (cache miss)
353 http fetch GET 200 https://registry.npmjs.org/destroy/-/destroy-1.2.0.tgz 700ms (cache miss)
354 http fetch GET 200 https://registry.npmjs.org/encodeurl/-/encodeurl-2.0.0.tgz 713ms (cache miss)
355 http fetch GET 200 https://registry.npmjs.org/cookie-signature/-/cookie-signature-1.0.7.tgz 711ms (cache miss)
356 http fetch GET 200 https://registry.npmjs.org/content-type/-/content-type-1.0.5.tgz 709ms (cache miss)
357 http fetch GET 200 https://registry.npmjs.org/cookie/-/cookie-0.7.2.tgz 712ms (cache miss)
358 http fetch GET 200 https://registry.npmjs.org/send/-/send-0.19.2.tgz 735ms (cache miss)
359 http fetch GET 200 https://registry.npmjs.org/ee-first/-/ee-first-1.1.1.tgz 722ms (cache miss)
360 http fetch GET 200 https://registry.npmjs.org/depd/-/depd-2.0.0.tgz 721ms (cache miss)
361 http fetch GET 200 https://registry.npmjs.org/bytes/-/bytes-3.1.2.tgz 716ms (cache miss)
362 http fetch GET 200 https://registry.npmjs.org/atomic-sleep/-/atomic-sleep-1.0.0.tgz 715ms (cache miss)
363 http fetch GET 200 https://registry.npmjs.org/array-flatten/-/array-flatten-1.1.1.tgz 716ms (cache miss)
364 http fetch GET 200 https://registry.npmjs.org/accepts/-/accepts-1.3.8.tgz 715ms (cache miss)
365 http fetch GET 200 https://registry.npmjs.org/es-object-atoms/-/es-object-atoms-1.1.1.tgz 733ms (cache miss)
366 http fetch GET 200 https://registry.npmjs.org/curve25519-js/-/curve25519-js-0.0.4.tgz 732ms (cache miss)
367 http fetch GET 200 https://registry.npmjs.org/content-disposition/-/content-disposition-0.5.4.tgz 727ms (cache miss)
368 http fetch GET 200 https://registry.npmjs.org/@tokenizer/token/-/token-0.3.0.tgz 739ms (cache miss)
369 http fetch GET 200 https://registry.npmjs.org/@protobufjs/path/-/path-1.1.2.tgz 741ms (cache miss)
370 http fetch GET 200 https://registry.npmjs.org/@protobufjs/inquire/-/inquire-1.1.1.tgz 742ms (cache miss)
371 http fetch GET 200 https://registry.npmjs.org/@protobufjs/pool/-/pool-1.1.0.tgz 742ms (cache miss)
372 http fetch GET 200 https://registry.npmjs.org/@protobufjs/eventemitter/-/eventemitter-1.1.0.tgz 747ms (cache miss)
373 http fetch GET 200 https://registry.npmjs.org/@protobufjs/fetch/-/fetch-1.1.0.tgz 747ms (cache miss)
374 http fetch GET 200 https://registry.npmjs.org/@protobufjs/aspromise/-/aspromise-1.1.2.tgz 746ms (cache miss)
375 http fetch GET 200 https://registry.npmjs.org/@protobufjs/float/-/float-1.0.2.tgz 752ms (cache miss)
376 http fetch GET 200 https://registry.npmjs.org/@keyv/serialize/-/serialize-1.1.1.tgz 755ms (cache miss)
377 http fetch GET 200 https://registry.npmjs.org/@protobufjs/base64/-/base64-1.1.2.tgz 755ms (cache miss)
378 http fetch GET 200 https://registry.npmjs.org/@protobufjs/codegen/-/codegen-2.0.5.tgz 758ms (cache miss)
379 http fetch GET 200 https://registry.npmjs.org/@protobufjs/utf8/-/utf8-1.1.1.tgz 767ms (cache miss)
380 http fetch GET 200 https://registry.npmjs.org/@hapi/boom/-/boom-9.1.4.tgz 766ms (cache miss)
381 http fetch GET 200 https://registry.npmjs.org/@borewit/text-codec/-/text-codec-0.2.2.tgz 765ms (cache miss)
382 http fetch GET 200 https://registry.npmjs.org/media-typer/-/media-typer-0.3.0.tgz 772ms (cache miss)
383 http fetch GET 200 https://registry.npmjs.org/on-exit-leak-free/-/on-exit-leak-free-2.1.2.tgz 804ms (cache miss)
384 http fetch GET 200 https://registry.npmjs.org/file-type/-/file-type-21.3.4.tgz 798ms (cache miss)
385 http fetch GET 200 https://registry.npmjs.org/eventemitter3/-/eventemitter3-5.0.4.tgz 798ms (cache miss)
386 http fetch GET 200 https://registry.npmjs.org/@img/colour/-/colour-1.1.0.tgz 787ms (cache miss)
387 http fetch GET 200 https://registry.npmjs.org/qified/-/qified-0.9.1.tgz 816ms (cache miss)
388 http fetch GET 200 https://registry.npmjs.org/mime/-/mime-1.6.0.tgz 816ms (cache miss)
389 http fetch GET 200 https://registry.npmjs.org/@tokenizer/inflate/-/inflate-0.4.1.tgz 805ms (cache miss)
390 http fetch GET 200 https://registry.npmjs.org/debug/-/debug-2.6.9.tgz 813ms (cache miss)
391 http fetch GET 200 https://registry.npmjs.org/@cacheable/node-cache/-/node-cache-1.7.6.tgz 803ms (cache miss)
392 http fetch GET 200 https://registry.npmjs.org/@keyv/bigmap/-/bigmap-1.3.1.tgz 805ms (cache miss)
393 http fetch GET 200 https://registry.npmjs.org/pino-abstract-transport/-/pino-abstract-transport-2.0.0.tgz 841ms (cache miss)
394 http fetch GET 200 https://registry.npmjs.org/long/-/long-5.3.2.tgz 837ms (cache miss)
395 http fetch GET 200 https://registry.npmjs.org/cacheable/-/cacheable-2.3.4.tgz 825ms (cache miss)
396 http fetch GET 200 https://registry.npmjs.org/@cacheable/utils/-/utils-2.4.1.tgz 821ms (cache miss)
397 http fetch GET 200 https://registry.npmjs.org/keyv/-/keyv-5.6.0.tgz 847ms (cache miss)
398 http fetch GET 200 https://registry.npmjs.org/@cacheable/memory/-/memory-2.0.8.tgz 826ms (cache miss)
399 http fetch GET 200 https://registry.npmjs.org/@img/sharp-linuxmusl-x64/-/sharp-linuxmusl-x64-0.34.5.tgz 831ms (cache miss)
400 http fetch GET 200 https://registry.npmjs.org/process-warning/-/process-warning-5.0.0.tgz 857ms (cache miss)
401 http fetch GET 200 https://registry.npmjs.org/pino-std-serializers/-/pino-std-serializers-7.1.0.tgz 859ms (cache miss)
402 http fetch GET 200 https://registry.npmjs.org/p-queue/-/p-queue-9.2.0.tgz 863ms (cache miss)
403 http fetch GET 200 https://registry.npmjs.org/body-parser/-/body-parser-1.20.5.tgz 847ms (cache miss)
404 http fetch GET 200 https://registry.npmjs.org/sonic-boom/-/sonic-boom-4.2.1.tgz 888ms (cache miss)
405 http fetch GET 200 https://registry.npmjs.org/@pinojs/redact/-/redact-0.4.0.tgz 862ms (cache miss)
406 http fetch GET 200 https://registry.npmjs.org/@img/sharp-linux-x64/-/sharp-linux-x64-0.34.5.tgz 880ms (cache miss)
407 http fetch GET 200 https://registry.npmjs.org/ws/-/ws-8.20.0.tgz 920ms (cache miss)
408 http fetch GET 200 https://registry.npmjs.org/undici-types/-/undici-types-7.19.2.tgz 920ms (cache miss)
409 http fetch GET 200 https://registry.npmjs.org/hashery/-/hashery-1.5.1.tgz 908ms (cache miss)
410 http fetch GET 200 https://registry.npmjs.org/qs/-/qs-6.14.2.tgz 920ms (cache miss)
411 http fetch GET 200 https://registry.npmjs.org/hookified/-/hookified-1.15.1.tgz 912ms (cache miss)
412 http fetch GET 200 https://registry.npmjs.org/hookified/-/hookified-2.2.0.tgz 899ms (cache miss)
413 http fetch GET 200 https://registry.npmjs.org/qs/-/qs-6.15.1.tgz 905ms (cache miss)
414 http fetch GET 200 https://registry.npmjs.org/async-mutex/-/async-mutex-0.5.0.tgz 923ms (cache miss)
415 http fetch GET 200 https://registry.npmjs.org/@emnapi/runtime/-/runtime-1.10.0.tgz 917ms (cache miss)
416 http fetch GET 200 https://registry.npmjs.org/qrcode-terminal/-/qrcode-terminal-0.12.0.tgz 948ms (cache miss)
417 http fetch GET 200 https://registry.npmjs.org/express/-/express-4.22.1.tgz 937ms (cache miss)
418 http fetch GET 200 https://registry.npmjs.org/@hapi/hoek/-/hoek-9.3.0.tgz 930ms (cache miss)
419 http fetch GET 200 https://codeload.github.com/whiskeysockets/libsignal-node/tar.gz/1c30d7d7e76a3b0aa120b04dc6a26f5a12dccf67 794ms (cache miss)
420 http fetch GET 200 https://registry.npmjs.org/whatsapp-rust-bridge/-/whatsapp-rust-bridge-0.5.2.tgz 980ms (cache miss)
421 silly packumentCache heap:2050490368 maxSize:512622592 maxEntrySize:256311296
422 http fetch GET 200 https://registry.npmjs.org/strtok3/-/strtok3-10.3.5.tgz 1028ms (cache miss)
423 http fetch GET 200 https://registry.npmjs.org/sharp/-/sharp-0.34.5.tgz 1057ms (cache miss)
424 http fetch GET 200 https://registry.npmjs.org/iconv-lite/-/iconv-lite-0.4.24.tgz 1045ms (cache miss)
425 http fetch GET 200 https://registry.npmjs.org/thread-stream/-/thread-stream-3.1.0.tgz 1074ms (cache miss)
426 http fetch GET 200 https://registry.npmjs.org/@types/node/-/node-25.6.0.tgz 1173ms (cache miss)
427 http fetch GET 200 https://registry.npmjs.org/lru-cache/-/lru-cache-11.3.5.tgz 1236ms (cache miss)
428 http fetch GET 200 https://registry.npmjs.org/protobufjs/-/protobufjs-7.5.6.tgz 1295ms (cache miss)
429 http fetch GET 200 https://registry.npmjs.org/pino/-/pino-9.14.0.tgz 1481ms (cache miss)
430 http fetch GET 200 https://registry.npmjs.org/music-metadata/-/music-metadata-11.12.3.tgz 1515ms (cache miss)
431 http fetch GET 200 https://registry.npmjs.org/@img/sharp-libvips-linux-x64/-/sharp-libvips-linux-x64-1.2.4.tgz 1522ms (cache miss)
432 http fetch GET 200 https://registry.npmjs.org/@img/sharp-libvips-linuxmusl-x64/-/sharp-libvips-linuxmusl-x64-1.2.4.tgz 1532ms (cache miss)
433 http fetch GET 200 https://codeload.github.com/WhiskeySockets/Baileys/tar.gz/01047debd81beb20da7b7779b08edcb06aa03770 1426ms (cache miss)
434 silly packumentCache heap:2050490368 maxSize:512622592 maxEntrySize:256311296
435 info run baileys@7.0.0-rc.9 preinstall node_modules/@whiskeysockets/baileys node ./engine-requirements.js
436 info run baileys@7.0.0-rc.9 preinstall { code: 0, signal: null }
437 info run sharp@0.34.5 install node_modules/sharp node install/check.js || npm run build
438 info run sharp@0.34.5 install { code: 0, signal: null }
439 info run protobufjs@7.5.6 postinstall node_modules/protobufjs node scripts/postinstall
440 info run protobufjs@7.5.6 postinstall { code: 0, signal: null }
441 silly ADD node_modules/ws
442 silly ADD node_modules/win-guid
443 silly ADD node_modules/whatsapp-rust-bridge
444 silly ADD node_modules/vary
445 silly ADD node_modules/utils-merge
446 silly ADD node_modules/unpipe
447 silly ADD node_modules/undici-types
448 silly ADD node_modules/uint8array-extras
449 silly ADD node_modules/type-is
450 silly ADD node_modules/type-is/node_modules/media-typer
451 silly ADD node_modules/tslib
452 silly ADD node_modules/token-types
453 silly ADD node_modules/toidentifier
454 silly ADD node_modules/thread-stream
455 silly ADD node_modules/strtok3
456 silly ADD node_modules/statuses
457 silly ADD node_modules/split2
458 silly ADD node_modules/sonic-boom
459 silly ADD node_modules/side-channel-weakmap
460 silly ADD node_modules/side-channel-map
461 silly ADD node_modules/side-channel-list
462 silly ADD node_modules/side-channel
463 silly ADD node_modules/sharp
464 silly ADD node_modules/setprototypeof
465 silly ADD node_modules/serve-static
466 silly ADD node_modules/send
467 silly ADD node_modules/send/node_modules/ms
468 silly ADD node_modules/semver
469 silly ADD node_modules/safer-buffer
470 silly ADD node_modules/safe-stable-stringify
471 silly ADD node_modules/safe-buffer
472 silly ADD node_modules/real-require
473 silly ADD node_modules/raw-body
474 silly ADD node_modules/range-parser
475 silly ADD node_modules/quick-format-unescaped
476 silly ADD node_modules/qs
477 silly ADD node_modules/qrcode-terminal
478 silly ADD node_modules/qified
479 silly ADD node_modules/qified/node_modules/hookified
480 silly ADD node_modules/proxy-addr
481 silly ADD node_modules/protobufjs
482 silly ADD node_modules/process-warning
483 silly ADD node_modules/pino-std-serializers
484 silly ADD node_modules/pino-abstract-transport
485 silly ADD node_modules/pino
486 silly ADD node_modules/path-to-regexp
487 silly ADD node_modules/parseurl
488 silly ADD node_modules/p-timeout
489 silly ADD node_modules/p-queue
490 silly ADD node_modules/on-finished
491 silly ADD node_modules/on-exit-leak-free
492 silly ADD node_modules/object-inspect
493 silly ADD node_modules/negotiator
494 silly ADD node_modules/music-metadata
495 silly ADD node_modules/music-metadata/node_modules/ms
496 silly ADD node_modules/music-metadata/node_modules/debug
497 silly ADD node_modules/ms
498 silly ADD node_modules/mime-types
499 silly ADD node_modules/mime-db
500 silly ADD node_modules/mime
501 silly ADD node_modules/methods
502 silly ADD node_modules/merge-descriptors
503 silly ADD node_modules/media-typer
504 silly ADD node_modules/math-intrinsics
505 silly ADD node_modules/lru-cache
506 silly ADD node_modules/long
507 silly ADD node_modules/libsignal
508 silly ADD node_modules/keyv
509 silly ADD node_modules/ipaddr.js
510 silly ADD node_modules/inherits
511 silly ADD node_modules/ieee754
512 silly ADD node_modules/iconv-lite
513 silly ADD node_modules/http-errors
514 silly ADD node_modules/hookified
515 silly ADD node_modules/hasown
516 silly ADD node_modules/hashery
517 silly ADD node_modules/has-symbols
518 silly ADD node_modules/gopd
519 silly ADD node_modules/get-proto
520 silly ADD node_modules/get-intrinsic
521 silly ADD node_modules/function-bind
522 silly ADD node_modules/fresh
523 silly ADD node_modules/forwarded
524 silly ADD node_modules/finalhandler
525 silly ADD node_modules/file-type
526 silly ADD node_modules/express
527 silly ADD node_modules/eventemitter3
528 silly ADD node_modules/etag
529 silly ADD node_modules/escape-html
530 silly ADD node_modules/es-object-atoms
531 silly ADD node_modules/es-errors
532 silly ADD node_modules/es-define-property
533 silly ADD node_modules/encodeurl
534 silly ADD node_modules/ee-first
535 silly ADD node_modules/dunder-proto
536 silly ADD node_modules/detect-libc
537 silly ADD node_modules/destroy
538 silly ADD node_modules/depd
539 silly ADD node_modules/debug
540 silly ADD node_modules/curve25519-js
541 silly ADD node_modules/cookie-signature
542 silly ADD node_modules/cookie
543 silly ADD node_modules/content-type
544 silly ADD node_modules/content-disposition
545 silly ADD node_modules/call-bound
546 silly ADD node_modules/call-bind-apply-helpers
547 silly ADD node_modules/cacheable
548 silly ADD node_modules/bytes
549 silly ADD node_modules/body-parser
550 silly ADD node_modules/body-parser/node_modules/qs
551 silly ADD node_modules/atomic-sleep
552 silly ADD node_modules/async-mutex
553 silly ADD node_modules/array-flatten
554 silly ADD node_modules/accepts
555 silly ADD node_modules/@whiskeysockets/baileys
556 silly ADD node_modules/@types/node
557 silly ADD node_modules/@tokenizer/token
558 silly ADD node_modules/@tokenizer/inflate
559 silly ADD node_modules/@tokenizer/inflate/node_modules/ms
560 silly ADD node_modules/@tokenizer/inflate/node_modules/debug
561 silly ADD node_modules/@protobufjs/utf8
562 silly ADD node_modules/@protobufjs/pool
563 silly ADD node_modules/@protobufjs/path
564 silly ADD node_modules/@protobufjs/inquire
565 silly ADD node_modules/@protobufjs/float
566 silly ADD node_modules/@protobufjs/fetch
567 silly ADD node_modules/@protobufjs/eventemitter
568 silly ADD node_modules/@protobufjs/codegen
569 silly ADD node_modules/@protobufjs/base64
570 silly ADD node_modules/@protobufjs/aspromise
571 silly ADD node_modules/@pinojs/redact
572 silly ADD node_modules/@keyv/serialize
573 silly ADD node_modules/@keyv/bigmap
574 silly ADD
575 silly ADD
576 silly ADD
577 silly ADD
578 silly ADD node_modules/@img/sharp-linuxmusl-x64
579 silly ADD
580 silly ADD node_modules/@img/sharp-linux-x64
581 silly ADD
582 silly ADD
583 silly ADD
584 silly ADD
585 silly ADD
586 silly ADD node_modules/@img/sharp-libvips-linuxmusl-x64
587 silly ADD
588 silly ADD node_modules/@img/sharp-libvips-linux-x64
589 silly ADD
590 silly ADD
591 silly ADD
592 silly ADD
593 silly ADD
594 silly ADD
595 silly ADD
596 silly ADD
597 silly ADD
598 silly ADD node_modules/@img/colour
599 silly ADD node_modules/@hapi/hoek
600 silly ADD node_modules/@hapi/boom
601 silly ADD
602 silly ADD node_modules/@cacheable/utils
603 silly ADD node_modules/@cacheable/node-cache
604 silly ADD node_modules/@cacheable/memory
605 silly ADD node_modules/@borewit/text-codec
606 verbose cwd /usr/local/lib/hermes-agent/scripts/whatsapp-bridge
607 verbose os Linux 7.0.0-15-generic
608 verbose node v22.23.1
609 verbose npm  v10.9.8
610 verbose exit 0
611 info ok
