0 verbose cli /root/.hermes/node/bin/node /root/.hermes/node/lib/node_modules/npm/bin/npm-cli.js
1 info using npm@10.9.8
2 info using node@v22.23.1
3 silly config load:file:/root/.hermes/node/lib/node_modules/npm/npmrc
4 silly config load:file:/usr/local/lib/hermes-agent/.npmrc
5 silly config load:file:/root/.npmrc
6 silly config load:file:/root/.hermes/node/etc/npmrc
7 verbose title npm exec playwright install --with-deps chromium
8 verbose argv "exec" "--" "playwright" "install" "--with-deps" "chromium"
9 verbose logfile logs-max:10 dir:/root/.npm/_logs/2026-07-07T20_49_18_025Z-
10 verbose logfile /root/.npm/_logs/2026-07-07T20_49_18_025Z-debug-0.log
11 silly logfile done cleaning log files
12 silly packumentCache heap:2050490368 maxSize:512622592 maxEntrySize:256311296
13 http fetch GET 200 https://registry.npmjs.org/playwright 397ms (cache miss)
14 silly packumentCache heap:2050490368 maxSize:512622592 maxEntrySize:256311296
15 silly packumentCache heap:2050490368 maxSize:512622592 maxEntrySize:256311296
16 warn exec The following package was not found and will be installed: playwright@1.61.1
17 silly idealTree buildDeps
18 silly fetch manifest playwright@1.61.1
19 silly packumentCache full:https://registry.npmjs.org/playwright cache-miss
20 http fetch GET 200 https://registry.npmjs.org/playwright 375ms (cache miss)
21 silly packumentCache full:https://registry.npmjs.org/playwright set size:undefined disposed:false
22 silly placeDep ROOT playwright@1.61.1 OK for:  want: 1.61.1
23 silly fetch manifest playwright-core@1.61.1
24 silly packumentCache full:https://registry.npmjs.org/playwright-core cache-miss
25 http fetch GET 200 https://registry.npmjs.org/playwright-core 324ms (cache miss)
26 silly packumentCache full:https://registry.npmjs.org/playwright-core set size:undefined disposed:false
27 silly fetch manifest fsevents@2.3.2
28 silly packumentCache full:https://registry.npmjs.org/fsevents cache-miss
29 http fetch GET 200 https://registry.npmjs.org/fsevents 53ms (cache miss)
30 silly packumentCache full:https://registry.npmjs.org/fsevents set size:undefined disposed:false
31 silly placeDep ROOT fsevents@2.3.2 OK for: playwright@1.61.1 want: 2.3.2
32 silly placeDep ROOT playwright-core@1.61.1 OK for: playwright@1.61.1 want: 1.61.1
33 silly reify moves {}
34 silly audit bulk request {
34 silly audit   playwright: [ '1.61.1' ],
34 silly audit   fsevents: [ '2.3.2' ],
34 silly audit   'playwright-core': [ '1.61.1' ]
34 silly audit }
35 verbose reify failed optional dependency /root/.npm/_npx/e41f203b7505f1fb/node_modules/fsevents
36 silly reify mark deleted [ '/root/.npm/_npx/e41f203b7505f1fb/node_modules/fsevents' ]
37 http cache playwright-core@https://registry.npmjs.org/playwright-core/-/playwright-core-1.61.1.tgz 0ms (cache hit)
38 http cache playwright@https://registry.npmjs.org/playwright/-/playwright-1.61.1.tgz 0ms (cache hit)
39 silly tarball no local data for playwright-core@https://registry.npmjs.org/playwright-core/-/playwright-core-1.61.1.tgz. Extracting by manifest.
40 silly tarball no local data for playwright@https://registry.npmjs.org/playwright/-/playwright-1.61.1.tgz. Extracting by manifest.
41 http fetch POST 200 https://registry.npmjs.org/-/npm/v1/security/advisories/bulk 181ms
42 silly audit report {}
43 http fetch GET 200 https://registry.npmjs.org/playwright/-/playwright-1.61.1.tgz 233ms (cache miss)
44 http fetch GET 200 https://registry.npmjs.org/playwright-core/-/playwright-core-1.61.1.tgz 337ms (cache miss)
45 verbose cwd /usr/local/lib/hermes-agent
46 verbose os Linux 7.0.0-15-generic
47 verbose node v22.23.1
48 verbose npm  v10.9.8
49 verbose exit 0
50 info ok
