0 verbose cli /root/.hermes/node/bin/node /root/.hermes/node/bin/npm
1 info using npm@10.9.8
2 info using node@v22.23.1
3 silly config load:file:/root/.hermes/node/lib/node_modules/npm/npmrc
4 silly config load:file:/usr/local/lib/hermes-agent/scripts/whatsapp-bridge/.npmrc
5 silly config load:file:/root/.npmrc
6 silly config load:file:/root/.hermes/node/etc/npmrc
7 verbose title npm install
8 verbose argv "install" "--loglevel" "silent"
9 verbose logfile logs-max:10 dir:/root/.npm/_logs/2026-07-09T01_07_06_344Z-
10 verbose logfile /root/.npm/_logs/2026-07-09T01_07_06_344Z-debug-0.log
11 silly logfile done cleaning log files
12 silly packumentCache heap:2050490368 maxSize:512622592 maxEntrySize:256311296
13 silly idealTree buildDeps
14 silly reify moves {}
15 silly audit bulk request {
15 silly audit   '@borewit/text-codec': [ '0.2.2' ],
15 silly audit   '@cacheable/memory': [ '2.0.8' ],
15 silly audit   '@cacheable/node-cache': [ '1.7.6' ],
15 silly audit   '@cacheable/utils': [ '2.4.1' ],
15 silly audit   '@emnapi/runtime': [ '1.10.0' ],
15 silly audit   '@hapi/boom': [ '9.1.4' ],
15 silly audit   '@hapi/hoek': [ '9.3.0' ],
15 silly audit   '@img/colour': [ '1.1.0' ],
15 silly audit   '@img/sharp-darwin-arm64': [ '0.34.5' ],
15 silly audit   '@img/sharp-darwin-x64': [ '0.34.5' ],
15 silly audit   '@img/sharp-libvips-darwin-arm64': [ '1.2.4' ],
15 silly audit   '@img/sharp-libvips-darwin-x64': [ '1.2.4' ],
15 silly audit   '@img/sharp-libvips-linux-arm': [ '1.2.4' ],
15 silly audit   '@img/sharp-libvips-linux-arm64': [ '1.2.4' ],
15 silly audit   '@img/sharp-libvips-linux-ppc64': [ '1.2.4' ],
15 silly audit   '@img/sharp-libvips-linux-riscv64': [ '1.2.4' ],
15 silly audit   '@img/sharp-libvips-linux-s390x': [ '1.2.4' ],
15 silly audit   '@img/sharp-libvips-linux-x64': [ '1.2.4' ],
15 silly audit   '@img/sharp-libvips-linuxmusl-arm64': [ '1.2.4' ],
15 silly audit   '@img/sharp-libvips-linuxmusl-x64': [ '1.2.4' ],
15 silly audit   '@img/sharp-linux-arm': [ '0.34.5' ],
15 silly audit   '@img/sharp-linux-arm64': [ '0.34.5' ],
15 silly audit   '@img/sharp-linux-ppc64': [ '0.34.5' ],
15 silly audit   '@img/sharp-linux-riscv64': [ '0.34.5' ],
15 silly audit   '@img/sharp-linux-s390x': [ '0.34.5' ],
15 silly audit   '@img/sharp-linux-x64': [ '0.34.5' ],
15 silly audit   '@img/sharp-linuxmusl-arm64': [ '0.34.5' ],
15 silly audit   '@img/sharp-linuxmusl-x64': [ '0.34.5' ],
15 silly audit   '@img/sharp-wasm32': [ '0.34.5' ],
15 silly audit   '@img/sharp-win32-arm64': [ '0.34.5' ],
15 silly audit   '@img/sharp-win32-ia32': [ '0.34.5' ],
15 silly audit   '@img/sharp-win32-x64': [ '0.34.5' ],
15 silly audit   '@keyv/bigmap': [ '1.3.1' ],
15 silly audit   '@keyv/serialize': [ '1.1.1' ],
15 silly audit   '@pinojs/redact': [ '0.4.0' ],
15 silly audit   '@protobufjs/aspromise': [ '1.1.2' ],
15 silly audit   '@protobufjs/base64': [ '1.1.2' ],
15 silly audit   '@protobufjs/codegen': [ '2.0.5' ],
15 silly audit   '@protobufjs/eventemitter': [ '1.1.0' ],
15 silly audit   '@protobufjs/fetch': [ '1.1.0' ],
15 silly audit   '@protobufjs/float': [ '1.0.2' ],
15 silly audit   '@protobufjs/inquire': [ '1.1.1' ],
15 silly audit   '@protobufjs/path': [ '1.1.2' ],
15 silly audit   '@protobufjs/pool': [ '1.1.0' ],
15 silly audit   '@protobufjs/utf8': [ '1.1.1' ],
15 silly audit   '@tokenizer/inflate': [ '0.4.1' ],
15 silly audit   debug: [ '4.4.3', '2.6.9' ],
15 silly audit   ms: [ '2.1.3', '2.0.0' ],
15 silly audit   '@tokenizer/token': [ '0.3.0' ],
15 silly audit   '@types/node': [ '25.6.0' ],
15 silly audit   baileys: [ '7.0.0-rc.9' ],
15 silly audit   accepts: [ '1.3.8' ],
15 silly audit   'array-flatten': [ '1.1.1' ],
15 silly audit   'async-mutex': [ '0.5.0' ],
15 silly audit   'atomic-sleep': [ '1.0.0' ],
15 silly audit   'body-parser': [ '1.20.5' ],
15 silly audit   qs: [ '6.15.1', '6.14.2' ],
15 silly audit   bytes: [ '3.1.2' ],
15 silly audit   cacheable: [ '2.3.4' ],
15 silly audit   'call-bind-apply-helpers': [ '1.0.2' ],
15 silly audit   'call-bound': [ '1.0.4' ],
15 silly audit   'content-disposition': [ '0.5.4' ],
15 silly audit   'content-type': [ '1.0.5' ],
15 silly audit   cookie: [ '0.7.2' ],
15 silly audit   'cookie-signature': [ '1.0.7' ],
15 silly audit   'curve25519-js': [ '0.0.4' ],
15 silly audit   depd: [ '2.0.0' ],
15 silly audit   destroy: [ '1.2.0' ],
15 silly audit   'detect-libc': [ '2.1.2' ],
15 silly audit   'dunder-proto': [ '1.0.1' ],
15 silly audit   'ee-first': [ '1.1.1' ],
15 silly audit   encodeurl: [ '2.0.0' ],
15 silly audit   'es-define-property': [ '1.0.1' ],
15 silly audit   'es-errors': [ '1.3.0' ],
15 silly audit   'es-object-atoms': [ '1.1.1' ],
15 silly audit   'escape-html': [ '1.0.3' ],
15 silly audit   etag: [ '1.8.1' ],
15 silly audit   eventemitter3: [ '5.0.4' ],
15 silly audit   express: [ '4.22.1' ],
15 silly audit   'file-type': [ '21.3.4' ],
15 silly audit   finalhandler: [ '1.3.2' ],
15 silly audit   forwarded: [ '0.2.0' ],
15 silly audit   fresh: [ '0.5.2' ],
15 silly audit   'function-bind': [ '1.1.2' ],
15 silly audit   'get-intrinsic': [ '1.3.0' ],
15 silly audit   'get-proto': [ '1.0.1' ],
15 silly audit   gopd: [ '1.2.0' ],
15 silly audit   'has-symbols': [ '1.1.0' ],
15 silly audit   hashery: [ '1.5.1' ],
15 silly audit   hasown: [ '2.0.3' ],
15 silly audit   hookified: [ '1.15.1', '2.2.0' ],
15 silly audit   'http-errors': [ '2.0.1' ],
15 silly audit   'iconv-lite': [ '0.4.24' ],
15 silly audit   ieee754: [ '1.2.1' ],
15 silly audit   inherits: [ '2.0.4' ],
15 silly audit   'ipaddr.js': [ '1.9.1' ],
15 silly audit   keyv: [ '5.6.0' ],
15 silly audit   '@whiskeysockets/libsignal-node': [ '2.0.1' ],
15 silly audit   long: [ '5.3.2' ],
15 silly audit   'lru-cache': [ '11.3.5' ],
15 silly audit   'math-intrinsics': [ '1.1.0' ],
15 silly audit   'media-typer': [ '1.1.0', '0.3.0' ],
15 silly audit   'merge-descriptors': [ '1.0.3' ],
15 silly audit   methods: [ '1.1.2' ],
15 silly audit   mime: [ '1.6.0' ],
15 silly audit   'mime-db': [ '1.52.0' ],
15 silly audit   'mime-types': [ '2.1.35' ],
15 silly audit   'music-metadata': [ '11.12.3' ],
15 silly audit   negotiator: [ '0.6.3' ],
15 silly audit   'object-inspect': [ '1.13.4' ],
15 silly audit   'on-exit-leak-free': [ '2.1.2' ],
15 silly audit   'on-finished': [ '2.4.1' ],
15 silly audit   'p-queue': [ '9.2.0' ],
15 silly audit   'p-timeout': [ '7.0.1' ],
15 silly audit   parseurl: [ '1.3.3' ],
15 silly audit   'path-to-regexp': [ '0.1.13' ],
15 silly audit   pino: [ '9.14.0' ],
15 silly audit   'pino-abstract-transport': [ '2.0.0' ],
15 silly audit   'pino-std-serializers': [ '7.1.0' ],
15 silly audit   'process-warning': [ '5.0.0' ],
15 silly audit   protobufjs: [ '7.5.6' ],
15 silly audit   'proxy-addr': [ '2.0.7' ],
15 silly audit   qified: [ '0.9.1' ],
15 silly audit   'qrcode-terminal': [ '0.12.0' ],
15 silly audit   'quick-format-unescaped': [ '4.0.4' ],
15 silly audit   'range-parser': [ '1.2.1' ],
15 silly audit   'raw-body': [ '2.5.3' ],
15 silly audit   'real-require': [ '0.2.0' ],
15 silly audit   'safe-buffer': [ '5.2.1' ],
15 silly audit   'safe-stable-stringify': [ '2.5.0' ],
15 silly audit   'safer-buffer': [ '2.1.2' ],
15 silly audit   semver: [ '7.7.4' ],
15 silly audit   send: [ '0.19.2' ],
15 silly audit   'serve-static': [ '1.16.3' ],
15 silly audit   setprototypeof: [ '1.2.0' ],
15 silly audit   sharp: [ '0.34.5' ],
15 silly audit   'side-channel': [ '1.1.0' ],
15 silly audit   'side-channel-list': [ '1.0.1' ],
15 silly audit   'side-channel-map': [ '1.0.1' ],
15 silly audit   'side-channel-weakmap': [ '1.0.2' ],
15 silly audit   'sonic-boom': [ '4.2.1' ],
15 silly audit   split2: [ '4.2.0' ],
15 silly audit   statuses: [ '2.0.2' ],
15 silly audit   strtok3: [ '10.3.5' ],
15 silly audit   'thread-stream': [ '3.1.0' ],
15 silly audit   toidentifier: [ '1.0.1' ],
15 silly audit   'token-types': [ '6.1.2' ],
15 silly audit   tslib: [ '2.8.1' ],
15 silly audit   'type-is': [ '1.6.18' ],
15 silly audit   'uint8array-extras': [ '1.5.0' ],
15 silly audit   'undici-types': [ '7.19.2' ],
15 silly audit   unpipe: [ '1.0.0' ],
15 silly audit   'utils-merge': [ '1.0.1' ],
15 silly audit   vary: [ '1.1.2' ],
15 silly audit   'whatsapp-rust-bridge': [ '0.5.2' ],
15 silly audit   'win-guid': [ '0.2.1' ],
15 silly audit   ws: [ '8.20.0' ]
15 silly audit }
16 verbose reify failed optional dependency /usr/local/lib/hermes-agent/scripts/whatsapp-bridge/node_modules/@img/sharp-win32-x64
17 silly reify mark deleted [
17 silly reify   '/usr/local/lib/hermes-agent/scripts/whatsapp-bridge/node_modules/@img/sharp-win32-x64'
17 silly reify ]
18 verbose reify failed optional dependency /usr/local/lib/hermes-agent/scripts/whatsapp-bridge/node_modules/@img/sharp-win32-ia32
19 silly reify mark deleted [
19 silly reify   '/usr/local/lib/hermes-agent/scripts/whatsapp-bridge/node_modules/@img/sharp-win32-ia32'
19 silly reify ]
20 verbose reify failed optional dependency /usr/local/lib/hermes-agent/scripts/whatsapp-bridge/node_modules/@img/sharp-win32-arm64
21 silly reify mark deleted [
21 silly reify   '/usr/local/lib/hermes-agent/scripts/whatsapp-bridge/node_modules/@img/sharp-win32-arm64'
21 silly reify ]
22 verbose reify failed optional dependency /usr/local/lib/hermes-agent/scripts/whatsapp-bridge/node_modules/@img/sharp-wasm32
23 silly reify mark deleted [
23 silly reify   '/usr/local/lib/hermes-agent/scripts/whatsapp-bridge/node_modules/@img/sharp-wasm32'
23 silly reify ]
24 verbose reify failed optional dependency /usr/local/lib/hermes-agent/scripts/whatsapp-bridge/node_modules/@emnapi/runtime
25 silly reify mark deleted [
25 silly reify   '/usr/local/lib/hermes-agent/scripts/whatsapp-bridge/node_modules/@emnapi/runtime'
25 silly reify ]
26 verbose reify failed optional dependency /usr/local/lib/hermes-agent/scripts/whatsapp-bridge/node_modules/@img/sharp-linuxmusl-arm64
27 silly reify mark deleted [
27 silly reify   '/usr/local/lib/hermes-agent/scripts/whatsapp-bridge/node_modules/@img/sharp-linuxmusl-arm64'
27 silly reify ]
28 verbose reify failed optional dependency /usr/local/lib/hermes-agent/scripts/whatsapp-bridge/node_modules/@img/sharp-linux-s390x
29 silly reify mark deleted [
29 silly reify   '/usr/local/lib/hermes-agent/scripts/whatsapp-bridge/node_modules/@img/sharp-linux-s390x'
29 silly reify ]
30 verbose reify failed optional dependency /usr/local/lib/hermes-agent/scripts/whatsapp-bridge/node_modules/@img/sharp-linux-riscv64
31 silly reify mark deleted [
31 silly reify   '/usr/local/lib/hermes-agent/scripts/whatsapp-bridge/node_modules/@img/sharp-linux-riscv64'
31 silly reify ]
32 verbose reify failed optional dependency /usr/local/lib/hermes-agent/scripts/whatsapp-bridge/node_modules/@img/sharp-linux-ppc64
33 silly reify mark deleted [
33 silly reify   '/usr/local/lib/hermes-agent/scripts/whatsapp-bridge/node_modules/@img/sharp-linux-ppc64'
33 silly reify ]
34 verbose reify failed optional dependency /usr/local/lib/hermes-agent/scripts/whatsapp-bridge/node_modules/@img/sharp-linux-arm64
35 silly reify mark deleted [
35 silly reify   '/usr/local/lib/hermes-agent/scripts/whatsapp-bridge/node_modules/@img/sharp-linux-arm64'
35 silly reify ]
36 verbose reify failed optional dependency /usr/local/lib/hermes-agent/scripts/whatsapp-bridge/node_modules/@img/sharp-linux-arm
37 silly reify mark deleted [
37 silly reify   '/usr/local/lib/hermes-agent/scripts/whatsapp-bridge/node_modules/@img/sharp-linux-arm'
37 silly reify ]
38 verbose reify failed optional dependency /usr/local/lib/hermes-agent/scripts/whatsapp-bridge/node_modules/@img/sharp-libvips-linuxmusl-arm64
39 silly reify mark deleted [
39 silly reify   '/usr/local/lib/hermes-agent/scripts/whatsapp-bridge/node_modules/@img/sharp-libvips-linuxmusl-arm64'
39 silly reify ]
40 verbose reify failed optional dependency /usr/local/lib/hermes-agent/scripts/whatsapp-bridge/node_modules/@img/sharp-libvips-linux-s390x
41 silly reify mark deleted [
41 silly reify   '/usr/local/lib/hermes-agent/scripts/whatsapp-bridge/node_modules/@img/sharp-libvips-linux-s390x'
41 silly reify ]
42 verbose reify failed optional dependency /usr/local/lib/hermes-agent/scripts/whatsapp-bridge/node_modules/@img/sharp-libvips-linux-riscv64
43 silly reify mark deleted [
43 silly reify   '/usr/local/lib/hermes-agent/scripts/whatsapp-bridge/node_modules/@img/sharp-libvips-linux-riscv64'
43 silly reify ]
44 verbose reify failed optional dependency /usr/local/lib/hermes-agent/scripts/whatsapp-bridge/node_modules/@img/sharp-libvips-linux-ppc64
45 silly reify mark deleted [
45 silly reify   '/usr/local/lib/hermes-agent/scripts/whatsapp-bridge/node_modules/@img/sharp-libvips-linux-ppc64'
45 silly reify ]
46 verbose reify failed optional dependency /usr/local/lib/hermes-agent/scripts/whatsapp-bridge/node_modules/@img/sharp-libvips-linux-arm64
47 silly reify mark deleted [
47 silly reify   '/usr/local/lib/hermes-agent/scripts/whatsapp-bridge/node_modules/@img/sharp-libvips-linux-arm64'
47 silly reify ]
48 verbose reify failed optional dependency /usr/local/lib/hermes-agent/scripts/whatsapp-bridge/node_modules/@img/sharp-libvips-linux-arm
49 silly reify mark deleted [
49 silly reify   '/usr/local/lib/hermes-agent/scripts/whatsapp-bridge/node_modules/@img/sharp-libvips-linux-arm'
49 silly reify ]
50 verbose reify failed optional dependency /usr/local/lib/hermes-agent/scripts/whatsapp-bridge/node_modules/@img/sharp-libvips-darwin-x64
51 silly reify mark deleted [
51 silly reify   '/usr/local/lib/hermes-agent/scripts/whatsapp-bridge/node_modules/@img/sharp-libvips-darwin-x64'
51 silly reify ]
52 verbose reify failed optional dependency /usr/local/lib/hermes-agent/scripts/whatsapp-bridge/node_modules/@img/sharp-libvips-darwin-arm64
53 silly reify mark deleted [
53 silly reify   '/usr/local/lib/hermes-agent/scripts/whatsapp-bridge/node_modules/@img/sharp-libvips-darwin-arm64'
53 silly reify ]
54 verbose reify failed optional dependency /usr/local/lib/hermes-agent/scripts/whatsapp-bridge/node_modules/@img/sharp-darwin-x64
55 silly reify mark deleted [
55 silly reify   '/usr/local/lib/hermes-agent/scripts/whatsapp-bridge/node_modules/@img/sharp-darwin-x64'
55 silly reify ]
56 verbose reify failed optional dependency /usr/local/lib/hermes-agent/scripts/whatsapp-bridge/node_modules/@img/sharp-darwin-arm64
57 silly reify mark deleted [
57 silly reify   '/usr/local/lib/hermes-agent/scripts/whatsapp-bridge/node_modules/@img/sharp-darwin-arm64'
57 silly reify ]
58 http cache @emnapi/runtime@https://registry.npmjs.org/@emnapi/runtime/-/runtime-1.10.0.tgz 1ms (cache hit)
59 http fetch POST 200 https://registry.npmjs.org/-/npm/v1/security/advisories/bulk 301ms
60 silly audit report {
60 silly audit report   baileys: [
60 silly audit report     {
60 silly audit report       id: 1120506,
60 silly audit report       url: 'https://github.com/advisories/GHSA-qvv5-jq5g-4cgg',
60 silly audit report       title: 'Baileys has message upsert / hist sync spoofing and app state corruption when using maliciously crafted protocolMessage payload',
60 silly audit report       severity: 'critical',
60 silly audit report       vulnerable_versions: '>=7.0.0-rc.1 <7.0.0-rc12',
60 silly audit report       cwe: [Array],
60 silly audit report       cvss: [Object]
60 silly audit report     }
60 silly audit report   ],
60 silly audit report   qs: [
60 silly audit report     {
60 silly audit report       id: 1119502,
60 silly audit report       url: 'https://github.com/advisories/GHSA-q8mj-m7cp-5q26',
60 silly audit report       title: 'qs has a remotely triggerable DoS: qs.stringify crashes with TypeError on null/undefined entries in comma-format arrays when encodeValuesOnly is set',
60 silly audit report       severity: 'moderate',
60 silly audit report       vulnerable_versions: '>=6.11.1 <=6.15.1',
60 silly audit report       cwe: [Array],
60 silly audit report       cvss: [Object]
60 silly audit report     }
60 silly audit report   ],
60 silly audit report   protobufjs: [
60 silly audit report     {
60 silly audit report       id: 1119378,
60 silly audit report       url: 'https://github.com/advisories/GHSA-jggg-4jg4-v7c6',
60 silly audit report       title: 'protobufjs: Denial of Service via unbounded recursive JSON descriptor expansion',
60 silly audit report       severity: 'moderate',
60 silly audit report       vulnerable_versions: '<=7.5.7',
60 silly audit report       cwe: [Array],
60 silly audit report       cvss: [Object]
60 silly audit report     },
60 silly audit report     {
60 silly audit report       id: 1120742,
60 silly audit report       url: 'https://github.com/advisories/GHSA-f38q-mgvj-vph7',
60 silly audit report       title: 'protobufjs : Schema-derived names can shadow runtime-significant properties',
60 silly audit report       severity: 'moderate',
60 silly audit report       vulnerable_versions: '<=7.6.2',
60 silly audit report       cwe: [Array],
60 silly audit report       cvss: [Object]
60 silly audit report     },
60 silly audit report     {
60 silly audit report       id: 1120799,
60 silly audit report       url: 'https://github.com/advisories/GHSA-wcpc-wj8m-hjx6',
60 silly audit report       title: 'protobufjs: Denial of service through unbounded Any expansion during JSON conversion',
60 silly audit report       severity: 'high',
60 silly audit report       vulnerable_versions: '<=7.6.0',
60 silly audit report       cwe: [Array],
60 silly audit report       cvss: [Object]
60 silly audit report     }
60 silly audit report   ],
60 silly audit report   ws: [
60 silly audit report     {
60 silly audit report       id: 1119108,
60 silly audit report       url: 'https://github.com/advisories/GHSA-58qx-3vcg-4xpx',
60 silly audit report       title: 'ws: Uninitialized memory disclosure',
60 silly audit report       severity: 'moderate',
60 silly audit report       vulnerable_versions: '>=8.0.0 <8.20.1',
60 silly audit report       cwe: [Array],
60 silly audit report       cvss: [Object]
60 silly audit report     },
60 silly audit report     {
60 silly audit report       id: 1122788,
60 silly audit report       url: 'https://github.com/advisories/GHSA-96hv-2xvq-fx4p',
60 silly audit report       title: 'ws: Memory exhaustion DoS from tiny fragments and data chunks',
60 silly audit report       severity: 'high',
60 silly audit report       vulnerable_versions: '>=8.0.0 <8.21.0',
60 silly audit report       cwe: [Array],
60 silly audit report       cvss: [Object]
60 silly audit report     }
60 silly audit report   ]
60 silly audit report }
61 silly packumentCache corgi:https://registry.npmjs.org/baileys cache-miss
62 silly packumentCache corgi:https://registry.npmjs.org/qs cache-miss
63 silly packumentCache corgi:https://registry.npmjs.org/protobufjs cache-miss
64 silly packumentCache corgi:https://registry.npmjs.org/ws cache-miss
65 http fetch GET 200 https://registry.npmjs.org/baileys 63ms (cache miss)
66 silly packumentCache corgi:https://registry.npmjs.org/baileys set size:undefined disposed:false
67 http fetch GET 200 https://registry.npmjs.org/qs 98ms (cache miss)
68 silly packumentCache corgi:https://registry.npmjs.org/qs set size:undefined disposed:false
69 http fetch GET 200 https://registry.npmjs.org/protobufjs 115ms (cache miss)
70 silly packumentCache corgi:https://registry.npmjs.org/protobufjs set size:undefined disposed:false
71 http fetch GET 200 https://registry.npmjs.org/ws 130ms (cache miss)
72 silly packumentCache corgi:https://registry.npmjs.org/ws set size:undefined disposed:false
73 silly packumentCache corgi:https://registry.npmjs.org/body-parser cache-miss
74 silly packumentCache corgi:https://registry.npmjs.org/express cache-miss
75 http fetch GET 200 https://registry.npmjs.org/body-parser 48ms (cache miss)
76 silly packumentCache corgi:https://registry.npmjs.org/body-parser set size:undefined disposed:false
77 http fetch GET 200 https://registry.npmjs.org/express 73ms (cache miss)
78 silly packumentCache corgi:https://registry.npmjs.org/express set size:undefined disposed:false
79 silly packumentCache corgi:https://registry.npmjs.org/@whiskeysockets%2flibsignal-node cache-miss
80 http fetch GET 404 https://registry.npmjs.org/@whiskeysockets%2flibsignal-node 33ms (cache skip)
81 silly packumentCache corgi:https://registry.npmjs.org/@whiskeysockets%2flibsignal-node cache-miss
82 http fetch GET 404 https://registry.npmjs.org/@whiskeysockets%2flibsignal-node 28ms (cache skip)
83 verbose cwd /usr/local/lib/hermes-agent/scripts/whatsapp-bridge
84 verbose os Linux 7.0.0-15-generic
85 verbose node v22.23.1
86 verbose npm  v10.9.8
87 verbose exit 0
88 info ok
