0 verbose cli /root/.hermes/node/bin/node /root/.hermes/node/bin/npm
1 info using npm@10.9.8
2 info using node@v22.23.1
3 silly config load:file:/root/.hermes/node/lib/node_modules/npm/npmrc
4 info config found workspace root at /usr/local/lib/hermes-agent
5 silly config load:file:/usr/local/lib/hermes-agent/.npmrc
6 silly config load:file:/root/.npmrc
7 silly config load:file:/root/.hermes/node/etc/npmrc
8 verbose title npm install
9 verbose argv "install" "--loglevel" "silent"
10 verbose logfile logs-max:10 dir:/root/.npm/_logs/2026-07-07T20_49_48_571Z-
11 verbose logfile /root/.npm/_logs/2026-07-07T20_49_48_571Z-debug-0.log
12 silly logfile done cleaning log files
13 silly packumentCache heap:2050490368 maxSize:512622592 maxEntrySize:256311296
14 silly idealTree buildDeps
15 silly reify moves {}
16 silly audit bulk request {
16 silly audit   '@alcalzone/ansi-tokenize': [ '0.1.3', '0.2.5' ],
16 silly audit   '@asamuzakjp/css-color': [ '5.1.11' ],
16 silly audit   '@asamuzakjp/dom-selector': [ '7.1.1' ],
16 silly audit   '@asamuzakjp/generational-cache': [ '1.0.1' ],
16 silly audit   '@asamuzakjp/nwsapi': [ '2.3.9' ],
16 silly audit   '@babel/code-frame': [ '7.29.7' ],
16 silly audit   '@babel/compat-data': [ '7.29.7' ],
16 silly audit   '@babel/core': [ '7.29.7' ],
16 silly audit   semver: [ '6.3.1', '7.8.5' ],
16 silly audit   '@babel/generator': [ '7.29.7' ],
16 silly audit   '@babel/helper-compilation-targets': [ '7.29.7' ],
16 silly audit   '@babel/helper-globals': [ '7.29.7' ],
16 silly audit   '@babel/helper-module-imports': [ '7.29.7' ],
16 silly audit   '@babel/helper-module-transforms': [ '7.29.7' ],
16 silly audit   '@babel/helper-string-parser': [ '7.29.7' ],
16 silly audit   '@babel/helper-validator-identifier': [ '7.29.7' ],
16 silly audit   '@babel/helper-validator-option': [ '7.29.7' ],
16 silly audit   '@babel/helpers': [ '7.29.7' ],
16 silly audit   '@babel/parser': [ '7.29.7' ],
16 silly audit   '@babel/template': [ '7.29.7' ],
16 silly audit   '@babel/traverse': [ '7.29.7' ],
16 silly audit   '@babel/types': [ '7.29.7' ],
16 silly audit   '@bramus/specificity': [ '2.4.2' ],
16 silly audit   '@csstools/color-helpers': [ '6.1.0' ],
16 silly audit   '@csstools/css-calc': [ '3.2.1' ],
16 silly audit   '@csstools/css-color-parser': [ '4.1.9' ],
16 silly audit   '@csstools/css-parser-algorithms': [ '4.0.0' ],
16 silly audit   '@csstools/css-syntax-patches-for-csstree': [ '1.1.5' ],
16 silly audit   '@csstools/css-tokenizer': [ '4.0.0' ],
16 silly audit   'balanced-match': [ '1.0.2', '4.0.4' ],
16 silly audit   'brace-expansion': [ '1.1.15', '5.0.6' ],
16 silly audit   minimatch: [ '3.1.5', '10.2.5' ],
16 silly audit   'ansi-styles': [ '6.2.3', '4.3.0' ],
16 silly audit   chalk: [ '5.6.2', '4.1.2' ],
16 silly audit   'supports-color': [ '7.2.0' ],
16 silly audit   '@emnapi/core': [ '1.11.1' ],
16 silly audit   '@emnapi/runtime': [ '1.11.1' ],
16 silly audit   '@emnapi/wasi-threads': [ '1.2.2' ],
16 silly audit   '@esbuild/aix-ppc64': [ '0.28.1' ],
16 silly audit   '@esbuild/android-arm': [ '0.28.1' ],
16 silly audit   '@esbuild/android-arm64': [ '0.28.1' ],
16 silly audit   '@esbuild/android-x64': [ '0.28.1' ],
16 silly audit   '@esbuild/darwin-arm64': [ '0.28.1' ],
16 silly audit   '@esbuild/darwin-x64': [ '0.28.1' ],
16 silly audit   '@esbuild/freebsd-arm64': [ '0.28.1' ],
16 silly audit   '@esbuild/freebsd-x64': [ '0.28.1' ],
16 silly audit   '@esbuild/linux-arm': [ '0.28.1' ],
16 silly audit   '@esbuild/linux-arm64': [ '0.28.1' ],
16 silly audit   '@esbuild/linux-ia32': [ '0.28.1' ],
16 silly audit   '@esbuild/linux-loong64': [ '0.28.1' ],
16 silly audit   '@esbuild/linux-mips64el': [ '0.28.1' ],
16 silly audit   '@esbuild/linux-ppc64': [ '0.28.1' ],
16 silly audit   '@esbuild/linux-riscv64': [ '0.28.1' ],
16 silly audit   '@esbuild/linux-s390x': [ '0.28.1' ],
16 silly audit   '@esbuild/linux-x64': [ '0.28.1' ],
16 silly audit   '@esbuild/netbsd-arm64': [ '0.28.1' ],
16 silly audit   '@esbuild/netbsd-x64': [ '0.28.1' ],
16 silly audit   '@esbuild/openbsd-arm64': [ '0.28.1' ],
16 silly audit   '@esbuild/openbsd-x64': [ '0.28.1' ],
16 silly audit   '@esbuild/openharmony-arm64': [ '0.28.1' ],
16 silly audit   '@esbuild/sunos-x64': [ '0.28.1' ],
16 silly audit   '@esbuild/win32-arm64': [ '0.28.1' ],
16 silly audit   '@esbuild/win32-ia32': [ '0.28.1' ],
16 silly audit   '@esbuild/win32-x64': [ '0.28.1' ],
16 silly audit   '@eslint-community/eslint-utils': [ '4.9.1' ],
16 silly audit   '@eslint-community/regexpp': [ '4.12.2' ],
16 silly audit   '@eslint/config-array': [ '0.21.2' ],
16 silly audit   '@eslint/config-helpers': [ '0.4.2' ],
16 silly audit   '@eslint/core': [ '0.17.0' ],
16 silly audit   '@eslint/eslintrc': [ '3.3.5' ],
16 silly audit   ajv: [ '6.15.0' ],
16 silly audit   globals: [ '14.0.0', '16.5.0' ],
16 silly audit   ignore: [ '5.3.2', '7.0.5' ],
16 silly audit   'json-schema-traverse': [ '0.4.1' ],
16 silly audit   '@eslint/js': [ '9.39.4' ],
16 silly audit   '@eslint/object-schema': [ '2.1.7' ],
16 silly audit   '@eslint/plugin-kit': [ '0.4.1' ],
16 silly audit   '@exodus/bytes': [ '1.15.1' ],
16 silly audit   '@humanfs/core': [ '0.19.2' ],
16 silly audit   '@humanfs/node': [ '0.16.8' ],
16 silly audit   '@humanfs/types': [ '0.15.0' ],
16 silly audit   '@humanwhocodes/module-importer': [ '1.0.1' ],
16 silly audit   '@humanwhocodes/retry': [ '0.4.3' ],
16 silly audit   '@jridgewell/gen-mapping': [ '0.3.13' ],
16 silly audit   '@jridgewell/remapping': [ '2.3.5' ],
16 silly audit   '@jridgewell/resolve-uri': [ '3.1.2' ],
16 silly audit   '@jridgewell/sourcemap-codec': [ '1.5.5' ],
16 silly audit   '@jridgewell/trace-mapping': [ '0.3.31' ],
16 silly audit   '@nanostores/react': [ '1.1.0' ],
16 silly audit   '@napi-rs/wasm-runtime': [ '1.1.6' ],
16 silly audit   '@noble/hashes': [ '2.2.0' ],
16 silly audit   '@oxc-project/types': [ '0.137.0' ],
16 silly audit   '@rolldown/binding-android-arm64': [ '1.1.3' ],
16 silly audit   '@rolldown/binding-darwin-arm64': [ '1.1.3' ],
16 silly audit   '@rolldown/binding-darwin-x64': [ '1.1.3' ],
16 silly audit   '@rolldown/binding-freebsd-x64': [ '1.1.3' ],
16 silly audit   '@rolldown/binding-linux-arm-gnueabihf': [ '1.1.3' ],
16 silly audit   '@rolldown/binding-linux-arm64-gnu': [ '1.1.3' ],
16 silly audit   '@rolldown/binding-linux-arm64-musl': [ '1.1.3' ],
16 silly audit   '@rolldown/binding-linux-ppc64-gnu': [ '1.1.3' ],
16 silly audit   '@rolldown/binding-linux-s390x-gnu': [ '1.1.3' ],
16 silly audit   '@rolldown/binding-linux-x64-gnu': [ '1.1.3' ],
16 silly audit   '@rolldown/binding-linux-x64-musl': [ '1.1.3' ],
16 silly audit   '@rolldown/binding-openharmony-arm64': [ '1.1.3' ],
16 silly audit   '@rolldown/binding-wasm32-wasi': [ '1.1.3' ],
16 silly audit   '@rolldown/binding-win32-arm64-msvc': [ '1.1.3' ],
16 silly audit   '@rolldown/binding-win32-x64-msvc': [ '1.1.3' ],
16 silly audit   '@rolldown/pluginutils': [ '1.0.1' ],
16 silly audit   '@standard-schema/spec': [ '1.1.0' ],
16 silly audit   '@tybys/wasm-util': [ '0.10.3' ],
16 silly audit   '@types/chai': [ '5.2.3' ],
16 silly audit   '@types/deep-eql': [ '4.0.2' ],
16 silly audit   '@types/estree': [ '1.0.9' ],
16 silly audit   '@types/json-schema': [ '7.0.15' ],
16 silly audit   '@types/node': [ '24.13.2' ],
16 silly audit   '@types/react': [ '19.2.17' ],
16 silly audit   '@typescript-eslint/eslint-plugin': [ '8.62.0' ],
16 silly audit   '@typescript-eslint/parser': [ '8.62.0' ],
16 silly audit   '@typescript-eslint/project-service': [ '8.62.0' ],
16 silly audit   '@typescript-eslint/scope-manager': [ '8.62.0' ],
16 silly audit   '@typescript-eslint/tsconfig-utils': [ '8.62.0' ],
16 silly audit   '@typescript-eslint/type-utils': [ '8.62.0' ],
16 silly audit   '@typescript-eslint/types': [ '8.62.0' ],
16 silly audit   '@typescript-eslint/typescript-estree': [ '8.62.0' ],
16 silly audit   '@typescript-eslint/utils': [ '8.62.0' ],
16 silly audit   '@typescript-eslint/visitor-keys': [ '8.62.0' ],
16 silly audit   'eslint-visitor-keys': [ '5.0.1', '3.4.3', '4.2.1' ],
16 silly audit   '@vitest/expect': [ '4.1.9' ],
16 silly audit   '@vitest/mocker': [ '4.1.9' ],
16 silly audit   '@vitest/pretty-format': [ '4.1.9' ],
16 silly audit   '@vitest/runner': [ '4.1.9' ],
16 silly audit   '@vitest/snapshot': [ '4.1.9' ],
16 silly audit   '@vitest/spy': [ '4.1.9' ],
16 silly audit   '@vitest/utils': [ '4.1.9' ],
16 silly audit   acorn: [ '8.17.0' ],
16 silly audit   'acorn-jsx': [ '5.3.2' ],
16 silly audit   'ansi-escapes': [ '7.3.0' ],
16 silly audit   'ansi-regex': [ '6.2.2' ],
16 silly audit   isexe: [ '2.0.0' ],
16 silly audit   which: [ '2.0.2' ],
16 silly audit   argparse: [ '2.0.1' ],
16 silly audit   'array-buffer-byte-length': [ '1.0.2' ],
16 silly audit   'array-includes': [ '3.1.9' ],
16 silly audit   'array.prototype.findlast': [ '1.2.5' ],
16 silly audit   'array.prototype.flat': [ '1.3.3' ],
16 silly audit   'array.prototype.flatmap': [ '1.3.3' ],
16 silly audit   'array.prototype.tosorted': [ '1.1.4' ],
16 silly audit   'arraybuffer.prototype.slice': [ '1.0.4' ],
16 silly audit   'assertion-error': [ '2.0.1' ],
16 silly audit   'async-function': [ '1.0.0' ],
16 silly audit   'auto-bind': [ '5.0.1' ],
16 silly audit   'available-typed-arrays': [ '1.0.7' ],
16 silly audit   'baseline-browser-mapping': [ '2.10.40' ],
16 silly audit   'bidi-js': [ '1.0.3' ],
16 silly audit   browserslist: [ '4.28.4' ],
16 silly audit   'call-bind': [ '1.0.9' ],
16 silly audit   'call-bind-apply-helpers': [ '1.0.2' ],
16 silly audit   'call-bound': [ '1.0.4' ],
16 silly audit   callsites: [ '3.1.0' ],
16 silly audit   'caniuse-lite': [ '1.0.30001799' ],
16 silly audit   chai: [ '6.2.2' ],
16 silly audit   'cli-boxes': [ '3.0.0' ],
16 silly audit   'cli-cursor': [ '4.0.0' ],
16 silly audit   'cli-truncate': [ '5.2.0' ],
16 silly audit   'string-width': [ '8.2.1', '7.2.0' ],
16 silly audit   'code-excerpt': [ '4.0.0' ],
16 silly audit   'color-convert': [ '2.0.1' ],
16 silly audit   'color-name': [ '1.1.4' ],
16 silly audit   'concat-map': [ '0.0.1' ],
16 silly audit   'convert-source-map': [ '2.0.0' ],
16 silly audit   'convert-to-spaces': [ '2.0.1' ],
16 silly audit   'cross-spawn': [ '7.0.6' ],
16 silly audit   'css-tree': [ '3.2.1' ],
16 silly audit   csstype: [ '3.2.3' ],
16 silly audit   'data-urls': [ '7.0.0' ],
16 silly audit   'data-view-buffer': [ '1.0.2' ],
16 silly audit   'data-view-byte-length': [ '1.0.2' ],
16 silly audit   'data-view-byte-offset': [ '1.0.1' ],
16 silly audit   debug: [ '4.4.3' ],
16 silly audit   'decimal.js': [ '10.6.0' ],
16 silly audit   'deep-is': [ '0.1.4' ],
16 silly audit   'define-data-property': [ '1.1.4' ],
16 silly audit   'define-properties': [ '1.2.1' ],
16 silly audit   'detect-libc': [ '2.1.2' ],
16 silly audit   doctrine: [ '2.1.0' ],
16 silly audit   entities: [ '8.0.0' ],
16 silly audit   'dunder-proto': [ '1.0.1' ],
16 silly audit   'emoji-regex': [ '10.6.0' ],
16 silly audit   'is-fullwidth-code-point': [ '5.1.0', '4.0.0' ],
16 silly audit   'strip-ansi': [ '7.2.0' ],
16 silly audit   'wrap-ansi': [ '9.0.2' ],
16 silly audit   'electron-to-chromium': [ '1.5.379' ],
16 silly audit   environment: [ '1.1.0' ],
16 silly audit   'es-abstract': [ '1.24.2' ],
16 silly audit   'es-abstract-get': [ '1.0.0' ],
16 silly audit   'es-define-property': [ '1.0.1' ],
16 silly audit   'es-errors': [ '1.3.0' ],
16 silly audit   'es-iterator-helpers': [ '1.3.3' ],
16 silly audit   'es-module-lexer': [ '2.1.0' ],
16 silly audit   'es-object-atoms': [ '1.1.2' ],
16 silly audit   'es-set-tostringtag': [ '2.1.0' ],
16 silly audit   'es-shim-unscopables': [ '1.1.0' ],
16 silly audit   'es-to-primitive': [ '1.3.4' ],
16 silly audit   'es-toolkit': [ '1.49.0' ],
16 silly audit   esbuild: [ '0.28.1' ],
16 silly audit   escalade: [ '3.2.0' ],
16 silly audit   'escape-string-regexp': [ '4.0.0', '2.0.0' ],
16 silly audit   eslint: [ '9.39.4' ],
16 silly audit   'eslint-plugin-perfectionist': [ '5.9.1' ],
16 silly audit   'eslint-plugin-react': [ '7.37.5' ],
16 silly audit   'eslint-plugin-react-hooks': [ '7.1.1' ],
16 silly audit   'eslint-plugin-unused-imports': [ '4.4.1' ],
16 silly audit   'eslint-scope': [ '8.4.0' ],
16 silly audit   espree: [ '10.4.0' ],
16 silly audit   esquery: [ '1.7.0' ],
16 silly audit   esrecurse: [ '4.3.0' ],
16 silly audit   estraverse: [ '5.3.0' ],
16 silly audit   'estree-walker': [ '3.0.3' ],
16 silly audit   esutils: [ '2.0.3' ],
16 silly audit   'expect-type': [ '1.4.0' ],
16 silly audit   'fast-deep-equal': [ '3.1.3' ],
16 silly audit   'fast-json-stable-stringify': [ '2.1.0' ],
16 silly audit   'fast-levenshtein': [ '2.0.6' ],
16 silly audit   fdir: [ '6.5.0' ],
16 silly audit   'file-entry-cache': [ '8.0.0' ],
16 silly audit   'find-up': [ '5.0.0' ],
16 silly audit   'flat-cache': [ '4.0.1' ],
16 silly audit   flatted: [ '3.4.2' ],
16 silly audit   'for-each': [ '0.3.5' ],
16 silly audit   fsevents: [ '2.3.3' ],
16 silly audit   'function-bind': [ '1.1.2' ],
16 silly audit   'function.prototype.name': [ '1.2.0' ],
16 silly audit   'functions-have-names': [ '1.2.3' ],
16 silly audit   'generator-function': [ '2.0.1' ],
16 silly audit   gensync: [ '1.0.0-beta.2' ],
16 silly audit   'get-east-asian-width': [ '1.6.0' ],
16 silly audit   'get-intrinsic': [ '1.3.0' ],
16 silly audit   'get-proto': [ '1.0.1' ],
16 silly audit   'get-symbol-description': [ '1.1.0' ],
16 silly audit   'glob-parent': [ '6.0.2' ],
16 silly audit   globalthis: [ '1.0.4' ],
16 silly audit   gopd: [ '1.2.0' ],
16 silly audit   'has-bigints': [ '1.1.0' ],
16 silly audit   'has-flag': [ '4.0.0' ],
16 silly audit   'has-property-descriptors': [ '1.0.2' ],
16 silly audit   'has-proto': [ '1.2.0' ],
16 silly audit   'has-symbols': [ '1.1.0' ],
16 silly audit   'has-tostringtag': [ '1.0.2' ],
16 silly audit   hasown: [ '2.0.4' ],
16 silly audit   'hermes-estree': [ '0.25.1' ],
16 silly audit   'hermes-parser': [ '0.25.1' ],
16 silly audit   'react-is': [ '16.13.1' ],
16 silly audit   'lru-cache': [ '11.5.1', '5.1.1' ],
16 silly audit   yallist: [ '3.1.1' ],
16 silly audit   'html-encoding-sniffer': [ '6.0.0' ],
16 silly audit   'import-fresh': [ '3.3.1' ],
16 silly audit   imurmurhash: [ '0.1.4' ],
16 silly audit   'indent-string': [ '5.0.0' ],
16 silly audit   ink: [ '6.8.0' ],
16 silly audit   'ink-text-input': [ '6.0.0' ],
16 silly audit   'signal-exit': [ '3.0.7', '4.1.0' ],
16 silly audit   'type-fest': [ '5.7.0', '4.41.0' ],
16 silly audit   'internal-slot': [ '1.1.0' ],
16 silly audit   'is-array-buffer': [ '3.0.5' ],
16 silly audit   'is-async-function': [ '2.1.1' ],
16 silly audit   'is-bigint': [ '1.1.0' ],
16 silly audit   'is-boolean-object': [ '1.2.2' ],
16 silly audit   'is-callable': [ '1.2.7' ],
16 silly audit   'is-core-module': [ '2.16.2' ],
16 silly audit   'is-data-view': [ '1.0.2' ],
16 silly audit   'is-date-object': [ '1.1.0' ],
16 silly audit   'is-document.all': [ '1.0.0' ],
16 silly audit   'is-extglob': [ '2.1.1' ],
16 silly audit   'is-finalizationregistry': [ '1.1.1' ],
16 silly audit   'is-generator-function': [ '1.1.2' ],
16 silly audit   'is-glob': [ '4.0.3' ],
16 silly audit   'is-in-ci': [ '2.0.0' ],
16 silly audit   'is-map': [ '2.0.3' ],
16 silly audit   'is-negative-zero': [ '2.0.3' ],
16 silly audit   'is-number-object': [ '1.1.1' ],
16 silly audit   'is-potential-custom-element-name': [ '1.0.1' ],
16 silly audit   'is-regex': [ '1.2.1' ],
16 silly audit   'is-set': [ '2.0.3' ],
16 silly audit   'is-shared-array-buffer': [ '1.0.4' ],
16 silly audit   'is-string': [ '1.1.1' ],
16 silly audit   'is-symbol': [ '1.1.1' ],
16 silly audit   'is-typed-array': [ '1.1.15' ],
16 silly audit   'is-weakmap': [ '2.0.2' ],
16 silly audit   'is-weakref': [ '1.1.1' ],
16 silly audit   'is-weakset': [ '2.0.4' ],
16 silly audit   isarray: [ '2.0.5' ],
16 silly audit   'iterator.prototype': [ '1.1.5' ],
16 silly audit   jiti: [ '2.7.0' ],
16 silly audit   'js-tokens': [ '4.0.0' ],
16 silly audit   'js-yaml': [ '4.2.0' ],
16 silly audit   jsdom: [ '29.1.1' ],
16 silly audit   parse5: [ '8.0.1' ],
16 silly audit   undici: [ '7.28.0', '6.27.0' ],
16 silly audit   jsesc: [ '3.1.0' ],
16 silly audit   'json-buffer': [ '3.0.1' ],
16 silly audit   'json-stable-stringify-without-jsonify': [ '1.0.1' ],
16 silly audit   json5: [ '2.2.3' ],
16 silly audit   'jsx-ast-utils': [ '3.3.5' ],
16 silly audit   keyv: [ '4.5.4' ],
16 silly audit   levn: [ '0.4.1' ],
16 silly audit   lightningcss: [ '1.32.0' ],
16 silly audit   'lightningcss-android-arm64': [ '1.32.0' ],
16 silly audit   'lightningcss-darwin-arm64': [ '1.32.0' ],
16 silly audit   'lightningcss-darwin-x64': [ '1.32.0' ],
16 silly audit   'lightningcss-freebsd-x64': [ '1.32.0' ],
16 silly audit   'lightningcss-linux-arm-gnueabihf': [ '1.32.0' ],
16 silly audit   'lightningcss-linux-arm64-gnu': [ '1.32.0' ],
16 silly audit   'lightningcss-linux-arm64-musl': [ '1.32.0' ],
16 silly audit   'lightningcss-linux-x64-gnu': [ '1.32.0' ],
16 silly audit   'lightningcss-linux-x64-musl': [ '1.32.0' ],
16 silly audit   'lightningcss-win32-arm64-msvc': [ '1.32.0' ],
16 silly audit   'lightningcss-win32-x64-msvc': [ '1.32.0' ],
16 silly audit   'locate-path': [ '6.0.0' ],
16 silly audit   'lodash-es': [ '4.18.1' ],
16 silly audit   'lodash.debounce': [ '4.0.8' ],
16 silly audit   'lodash.merge': [ '4.6.2' ],
16 silly audit   'loose-envify': [ '1.4.0' ],
16 silly audit   'magic-string': [ '0.30.21' ],
16 silly audit   'math-intrinsics': [ '1.1.0' ],
16 silly audit   'mdn-data': [ '2.27.1' ],
16 silly audit   'mimic-fn': [ '2.1.0' ],
16 silly audit   ms: [ '2.1.3' ],
16 silly audit   nanoid: [ '3.3.15' ],
16 silly audit   nanostores: [ '1.3.0' ],
16 silly audit   'natural-compare': [ '1.4.0' ],
16 silly audit   'natural-orderby': [ '5.0.0' ],
16 silly audit   'node-exports-info': [ '1.6.2' ],
16 silly audit   'node-releases': [ '2.0.50' ],
16 silly audit   'object-assign': [ '4.1.1' ],
16 silly audit   'object-inspect': [ '1.13.4' ],
16 silly audit   'object-keys': [ '1.1.1' ],
16 silly audit   'object.assign': [ '4.1.7' ],
16 silly audit   'object.entries': [ '1.1.9' ],
16 silly audit   'object.fromentries': [ '2.0.8' ],
16 silly audit   'object.values': [ '1.2.1' ],
16 silly audit   obug: [ '2.1.3' ],
16 silly audit   onetime: [ '5.1.2' ],
16 silly audit   optionator: [ '0.9.4' ],
16 silly audit   'own-keys': [ '1.0.1' ],
16 silly audit   'p-limit': [ '3.1.0' ],
16 silly audit   'p-locate': [ '5.0.0' ],
16 silly audit   'parent-module': [ '1.0.1' ],
16 silly audit   'patch-console': [ '2.0.0' ],
16 silly audit   'path-exists': [ '4.0.0' ],
16 silly audit   'path-key': [ '3.1.1' ],
16 silly audit   'path-parse': [ '1.0.7' ],
16 silly audit   pathe: [ '2.0.3' ],
16 silly audit   picocolors: [ '1.1.1' ],
16 silly audit   picomatch: [ '4.0.4' ],
16 silly audit   'possible-typed-array-names': [ '1.1.0' ],
16 silly audit   postcss: [ '8.5.15' ],
16 silly audit   'prelude-ls': [ '1.2.1' ],
16 silly audit   prettier: [ '3.8.5' ],
16 silly audit   'prop-types': [ '15.8.1' ],
16 silly audit   punycode: [ '2.3.1' ],
16 silly audit   react: [ '19.2.7' ],
16 silly audit   'react-reconciler': [ '0.33.0' ],
16 silly audit   'reflect.getprototypeof': [ '1.0.10' ],
16 silly audit   'regexp.prototype.flags': [ '1.5.4' ],
16 silly audit   'require-from-string': [ '2.0.2' ],
16 silly audit   resolve: [ '2.0.0-next.7' ],
16 silly audit   'resolve-from': [ '4.0.0' ],
16 silly audit   'restore-cursor': [ '4.0.0' ],
16 silly audit   rolldown: [ '1.1.3' ],
16 silly audit   'safe-array-concat': [ '1.1.4' ],
16 silly audit   'safe-push-apply': [ '1.0.0' ],
16 silly audit   'safe-regex-test': [ '1.1.0' ],
16 silly audit   saxes: [ '6.0.0' ],
16 silly audit   scheduler: [ '0.27.0' ],
16 silly audit   'set-function-length': [ '1.2.2' ],
16 silly audit   'set-function-name': [ '2.0.2' ],
16 silly audit   'set-proto': [ '1.0.0' ],
16 silly audit   'shebang-command': [ '2.0.0' ],
16 silly audit   'shebang-regex': [ '3.0.0' ],
16 silly audit   'side-channel': [ '1.1.1' ],
16 silly audit   'side-channel-list': [ '1.0.1' ],
16 silly audit   'side-channel-map': [ '1.0.1' ],
16 silly audit   'side-channel-weakmap': [ '1.0.2' ],
16 silly audit   siginfo: [ '2.0.0' ],
16 silly audit   'slice-ansi': [ '8.0.0' ],
16 silly audit   'source-map-js': [ '1.2.1' ],
16 silly audit   'stack-utils': [ '2.0.6' ],
16 silly audit   stackback: [ '0.0.2' ],
16 silly audit   'std-env': [ '4.1.0' ],
16 silly audit   'stop-iteration-iterator': [ '1.1.0' ],
16 silly audit   'string.prototype.matchall': [ '4.0.12' ],
16 silly audit   'string.prototype.repeat': [ '1.0.0' ],
16 silly audit   'string.prototype.trim': [ '1.2.11' ],
16 silly audit   'string.prototype.trimend': [ '1.0.10' ],
16 silly audit   'string.prototype.trimstart': [ '1.0.8' ],
16 silly audit   'strip-json-comments': [ '3.1.1' ],
16 silly audit   'supports-hyperlinks': [ '3.2.0' ],
16 silly audit   'supports-preserve-symlinks-flag': [ '1.0.0' ],
16 silly audit   'symbol-tree': [ '3.2.4' ],
16 silly audit   'tagged-tag': [ '1.0.0' ],
16 silly audit   'terminal-size': [ '4.0.1' ],
16 silly audit   tinybench: [ '2.9.0' ],
16 silly audit   tinyexec: [ '1.2.4' ],
16 silly audit   tinyglobby: [ '0.2.17' ],
16 silly audit   tinyrainbow: [ '3.1.0' ],
16 silly audit   tldts: [ '7.4.4' ],
16 silly audit   'tldts-core': [ '7.4.4' ],
16 silly audit   'tough-cookie': [ '6.0.1' ],
16 silly audit   tr46: [ '6.0.0' ],
16 silly audit   'ts-api-utils': [ '2.5.0' ],
16 silly audit   tslib: [ '2.8.1' ],
16 silly audit   tsx: [ '4.22.4' ],
16 silly audit   'type-check': [ '0.4.0' ],
16 silly audit   'typed-array-buffer': [ '1.0.3' ],
16 silly audit   'typed-array-byte-length': [ '1.0.3' ],
16 silly audit   'typed-array-byte-offset': [ '1.0.4' ],
16 silly audit   'typed-array-length': [ '1.0.8' ],
16 silly audit   typescript: [ '6.0.3' ],
16 silly audit   'unbox-primitive': [ '1.1.0' ],
16 silly audit   'undici-types': [ '7.18.2' ],
16 silly audit   'unicode-animations': [ '1.0.3' ],
16 silly audit   'update-browserslist-db': [ '1.2.3' ],
16 silly audit   'uri-js': [ '4.4.1' ],
16 silly audit   'usehooks-ts': [ '3.1.1' ],
16 silly audit   vite: [ '8.1.0' ],
16 silly audit   vitest: [ '4.1.9' ],
16 silly audit   'w3c-xmlserializer': [ '5.0.0' ],
16 silly audit   'webidl-conversions': [ '8.0.1' ],
16 silly audit   'whatwg-mimetype': [ '5.0.0' ],
16 silly audit   'whatwg-url': [ '16.0.1' ],
16 silly audit   'which-boxed-primitive': [ '1.1.1' ],
16 silly audit   'which-builtin-type': [ '1.2.1' ],
16 silly audit   'which-collection': [ '1.0.2' ],
16 silly audit   'which-typed-array': [ '1.1.22' ],
16 silly audit   'why-is-node-running': [ '2.3.0' ],
16 silly audit   'widest-line': [ '6.0.0' ],
16 silly audit   'word-wrap': [ '1.2.5' ],
16 silly audit   ws: [ '8.21.0' ],
16 silly audit   'xml-name-validator': [ '5.0.0' ],
16 silly audit   xmlchars: [ '2.2.0' ],
16 silly audit   'yocto-queue': [ '0.1.0' ],
16 silly audit   'yoga-layout': [ '3.2.1' ],
16 silly audit   zod: [ '4.4.3' ],
16 silly audit   'zod-validation-error': [ '4.0.2' ],
16 silly audit   'hermes-tui': [ '0.0.1' ],
16 silly audit   '@hermes/ink': [ '0.0.1' ]
16 silly audit }
17 verbose reify failed optional dependency /usr/local/lib/hermes-agent/node_modules/lightningcss-win32-x64-msvc
18 silly reify mark deleted [
18 silly reify   '/usr/local/lib/hermes-agent/node_modules/lightningcss-win32-x64-msvc'
18 silly reify ]
19 verbose reify failed optional dependency /usr/local/lib/hermes-agent/node_modules/lightningcss-win32-arm64-msvc
20 silly reify mark deleted [
20 silly reify   '/usr/local/lib/hermes-agent/node_modules/lightningcss-win32-arm64-msvc'
20 silly reify ]
21 verbose reify failed optional dependency /usr/local/lib/hermes-agent/node_modules/lightningcss-linux-arm64-musl
22 silly reify mark deleted [
22 silly reify   '/usr/local/lib/hermes-agent/node_modules/lightningcss-linux-arm64-musl'
22 silly reify ]
23 verbose reify failed optional dependency /usr/local/lib/hermes-agent/node_modules/lightningcss-linux-arm64-gnu
24 silly reify mark deleted [
24 silly reify   '/usr/local/lib/hermes-agent/node_modules/lightningcss-linux-arm64-gnu'
24 silly reify ]
25 verbose reify failed optional dependency /usr/local/lib/hermes-agent/node_modules/lightningcss-linux-arm-gnueabihf
26 silly reify mark deleted [
26 silly reify   '/usr/local/lib/hermes-agent/node_modules/lightningcss-linux-arm-gnueabihf'
26 silly reify ]
27 verbose reify failed optional dependency /usr/local/lib/hermes-agent/node_modules/lightningcss-freebsd-x64
28 silly reify mark deleted [ '/usr/local/lib/hermes-agent/node_modules/lightningcss-freebsd-x64' ]
29 verbose reify failed optional dependency /usr/local/lib/hermes-agent/node_modules/lightningcss-darwin-x64
30 silly reify mark deleted [ '/usr/local/lib/hermes-agent/node_modules/lightningcss-darwin-x64' ]
31 verbose reify failed optional dependency /usr/local/lib/hermes-agent/node_modules/lightningcss-darwin-arm64
32 silly reify mark deleted [
32 silly reify   '/usr/local/lib/hermes-agent/node_modules/lightningcss-darwin-arm64'
32 silly reify ]
33 verbose reify failed optional dependency /usr/local/lib/hermes-agent/node_modules/lightningcss-android-arm64
34 silly reify mark deleted [
34 silly reify   '/usr/local/lib/hermes-agent/node_modules/lightningcss-android-arm64'
34 silly reify ]
35 verbose reify failed optional dependency /usr/local/lib/hermes-agent/node_modules/fsevents
36 silly reify mark deleted [ '/usr/local/lib/hermes-agent/node_modules/fsevents' ]
37 verbose reify failed optional dependency /usr/local/lib/hermes-agent/node_modules/@rolldown/binding-win32-x64-msvc
38 silly reify mark deleted [
38 silly reify   '/usr/local/lib/hermes-agent/node_modules/@rolldown/binding-win32-x64-msvc'
38 silly reify ]
39 verbose reify failed optional dependency /usr/local/lib/hermes-agent/node_modules/@rolldown/binding-win32-arm64-msvc
40 silly reify mark deleted [
40 silly reify   '/usr/local/lib/hermes-agent/node_modules/@rolldown/binding-win32-arm64-msvc'
40 silly reify ]
41 verbose reify failed optional dependency /usr/local/lib/hermes-agent/node_modules/@rolldown/binding-wasm32-wasi
42 silly reify mark deleted [
42 silly reify   '/usr/local/lib/hermes-agent/node_modules/@rolldown/binding-wasm32-wasi'
42 silly reify ]
43 verbose reify failed optional dependency /usr/local/lib/hermes-agent/node_modules/@rolldown/binding-openharmony-arm64
44 silly reify mark deleted [
44 silly reify   '/usr/local/lib/hermes-agent/node_modules/@rolldown/binding-openharmony-arm64'
44 silly reify ]
45 verbose reify failed optional dependency /usr/local/lib/hermes-agent/node_modules/@rolldown/binding-linux-s390x-gnu
46 silly reify mark deleted [
46 silly reify   '/usr/local/lib/hermes-agent/node_modules/@rolldown/binding-linux-s390x-gnu'
46 silly reify ]
47 verbose reify failed optional dependency /usr/local/lib/hermes-agent/node_modules/@rolldown/binding-linux-ppc64-gnu
48 silly reify mark deleted [
48 silly reify   '/usr/local/lib/hermes-agent/node_modules/@rolldown/binding-linux-ppc64-gnu'
48 silly reify ]
49 verbose reify failed optional dependency /usr/local/lib/hermes-agent/node_modules/@rolldown/binding-linux-arm64-musl
50 silly reify mark deleted [
50 silly reify   '/usr/local/lib/hermes-agent/node_modules/@rolldown/binding-linux-arm64-musl'
50 silly reify ]
51 verbose reify failed optional dependency /usr/local/lib/hermes-agent/node_modules/@rolldown/binding-linux-arm64-gnu
52 silly reify mark deleted [
52 silly reify   '/usr/local/lib/hermes-agent/node_modules/@rolldown/binding-linux-arm64-gnu'
52 silly reify ]
53 verbose reify failed optional dependency /usr/local/lib/hermes-agent/node_modules/@rolldown/binding-linux-arm-gnueabihf
54 silly reify mark deleted [
54 silly reify   '/usr/local/lib/hermes-agent/node_modules/@rolldown/binding-linux-arm-gnueabihf'
54 silly reify ]
55 verbose reify failed optional dependency /usr/local/lib/hermes-agent/node_modules/@rolldown/binding-freebsd-x64
56 silly reify mark deleted [
56 silly reify   '/usr/local/lib/hermes-agent/node_modules/@rolldown/binding-freebsd-x64'
56 silly reify ]
57 verbose reify failed optional dependency /usr/local/lib/hermes-agent/node_modules/@rolldown/binding-darwin-x64
58 silly reify mark deleted [
58 silly reify   '/usr/local/lib/hermes-agent/node_modules/@rolldown/binding-darwin-x64'
58 silly reify ]
59 verbose reify failed optional dependency /usr/local/lib/hermes-agent/node_modules/@rolldown/binding-darwin-arm64
60 silly reify mark deleted [
60 silly reify   '/usr/local/lib/hermes-agent/node_modules/@rolldown/binding-darwin-arm64'
60 silly reify ]
61 verbose reify failed optional dependency /usr/local/lib/hermes-agent/node_modules/@rolldown/binding-android-arm64
62 silly reify mark deleted [
62 silly reify   '/usr/local/lib/hermes-agent/node_modules/@rolldown/binding-android-arm64'
62 silly reify ]
63 verbose reify failed optional dependency /usr/local/lib/hermes-agent/node_modules/@esbuild/win32-x64
64 silly reify mark deleted [ '/usr/local/lib/hermes-agent/node_modules/@esbuild/win32-x64' ]
65 verbose reify failed optional dependency /usr/local/lib/hermes-agent/node_modules/@esbuild/win32-ia32
66 silly reify mark deleted [ '/usr/local/lib/hermes-agent/node_modules/@esbuild/win32-ia32' ]
67 verbose reify failed optional dependency /usr/local/lib/hermes-agent/node_modules/@esbuild/win32-arm64
68 silly reify mark deleted [ '/usr/local/lib/hermes-agent/node_modules/@esbuild/win32-arm64' ]
69 verbose reify failed optional dependency /usr/local/lib/hermes-agent/node_modules/@esbuild/sunos-x64
70 silly reify mark deleted [ '/usr/local/lib/hermes-agent/node_modules/@esbuild/sunos-x64' ]
71 verbose reify failed optional dependency /usr/local/lib/hermes-agent/node_modules/@esbuild/openharmony-arm64
72 silly reify mark deleted [
72 silly reify   '/usr/local/lib/hermes-agent/node_modules/@esbuild/openharmony-arm64'
72 silly reify ]
73 verbose reify failed optional dependency /usr/local/lib/hermes-agent/node_modules/@esbuild/openbsd-x64
74 silly reify mark deleted [ '/usr/local/lib/hermes-agent/node_modules/@esbuild/openbsd-x64' ]
75 verbose reify failed optional dependency /usr/local/lib/hermes-agent/node_modules/@esbuild/openbsd-arm64
76 silly reify mark deleted [ '/usr/local/lib/hermes-agent/node_modules/@esbuild/openbsd-arm64' ]
77 verbose reify failed optional dependency /usr/local/lib/hermes-agent/node_modules/@esbuild/netbsd-x64
78 silly reify mark deleted [ '/usr/local/lib/hermes-agent/node_modules/@esbuild/netbsd-x64' ]
79 verbose reify failed optional dependency /usr/local/lib/hermes-agent/node_modules/@esbuild/netbsd-arm64
80 silly reify mark deleted [ '/usr/local/lib/hermes-agent/node_modules/@esbuild/netbsd-arm64' ]
81 verbose reify failed optional dependency /usr/local/lib/hermes-agent/node_modules/@esbuild/linux-s390x
82 silly reify mark deleted [ '/usr/local/lib/hermes-agent/node_modules/@esbuild/linux-s390x' ]
83 verbose reify failed optional dependency /usr/local/lib/hermes-agent/node_modules/@esbuild/linux-riscv64
84 silly reify mark deleted [ '/usr/local/lib/hermes-agent/node_modules/@esbuild/linux-riscv64' ]
85 verbose reify failed optional dependency /usr/local/lib/hermes-agent/node_modules/@esbuild/linux-ppc64
86 silly reify mark deleted [ '/usr/local/lib/hermes-agent/node_modules/@esbuild/linux-ppc64' ]
87 verbose reify failed optional dependency /usr/local/lib/hermes-agent/node_modules/@esbuild/linux-mips64el
88 silly reify mark deleted [ '/usr/local/lib/hermes-agent/node_modules/@esbuild/linux-mips64el' ]
89 verbose reify failed optional dependency /usr/local/lib/hermes-agent/node_modules/@esbuild/linux-loong64
90 silly reify mark deleted [ '/usr/local/lib/hermes-agent/node_modules/@esbuild/linux-loong64' ]
91 verbose reify failed optional dependency /usr/local/lib/hermes-agent/node_modules/@esbuild/linux-ia32
92 silly reify mark deleted [ '/usr/local/lib/hermes-agent/node_modules/@esbuild/linux-ia32' ]
93 verbose reify failed optional dependency /usr/local/lib/hermes-agent/node_modules/@esbuild/linux-arm64
94 silly reify mark deleted [ '/usr/local/lib/hermes-agent/node_modules/@esbuild/linux-arm64' ]
95 verbose reify failed optional dependency /usr/local/lib/hermes-agent/node_modules/@esbuild/linux-arm
96 silly reify mark deleted [ '/usr/local/lib/hermes-agent/node_modules/@esbuild/linux-arm' ]
97 verbose reify failed optional dependency /usr/local/lib/hermes-agent/node_modules/@esbuild/freebsd-x64
98 silly reify mark deleted [ '/usr/local/lib/hermes-agent/node_modules/@esbuild/freebsd-x64' ]
99 verbose reify failed optional dependency /usr/local/lib/hermes-agent/node_modules/@esbuild/freebsd-arm64
100 silly reify mark deleted [ '/usr/local/lib/hermes-agent/node_modules/@esbuild/freebsd-arm64' ]
101 verbose reify failed optional dependency /usr/local/lib/hermes-agent/node_modules/@esbuild/darwin-x64
102 silly reify mark deleted [ '/usr/local/lib/hermes-agent/node_modules/@esbuild/darwin-x64' ]
103 verbose reify failed optional dependency /usr/local/lib/hermes-agent/node_modules/@esbuild/darwin-arm64
104 silly reify mark deleted [ '/usr/local/lib/hermes-agent/node_modules/@esbuild/darwin-arm64' ]
105 verbose reify failed optional dependency /usr/local/lib/hermes-agent/node_modules/@esbuild/android-x64
106 silly reify mark deleted [ '/usr/local/lib/hermes-agent/node_modules/@esbuild/android-x64' ]
107 verbose reify failed optional dependency /usr/local/lib/hermes-agent/node_modules/@esbuild/android-arm64
108 silly reify mark deleted [ '/usr/local/lib/hermes-agent/node_modules/@esbuild/android-arm64' ]
109 verbose reify failed optional dependency /usr/local/lib/hermes-agent/node_modules/@esbuild/android-arm
110 silly reify mark deleted [ '/usr/local/lib/hermes-agent/node_modules/@esbuild/android-arm' ]
111 verbose reify failed optional dependency /usr/local/lib/hermes-agent/node_modules/@esbuild/aix-ppc64
112 silly reify mark deleted [ '/usr/local/lib/hermes-agent/node_modules/@esbuild/aix-ppc64' ]
113 http fetch POST 200 https://registry.npmjs.org/-/npm/v1/security/advisories/bulk 1325ms
114 silly audit report {}
115 verbose cwd /usr/local/lib/hermes-agent/ui-tui
116 verbose os Linux 7.0.0-15-generic
117 verbose node v22.23.1
118 verbose npm  v10.9.8
119 verbose exit 0
120 info ok
